1678971568: mosquitto version 2.0.15 starting
1678971568: Config loaded from /mosquitto/config/mosquitto.conf.
1678971568: Opening ipv4 listen socket on port 1883.
1678971568: Opening ipv6 listen socket on port 1883.
1678971568: mosquitto version 2.0.15 running
1678971586: mosquitto version 2.0.15 terminating
1678971586: Saving in-memory database to /mosquitto/data//mosquitto.db.
1678971649: mosquitto version 2.0.15 starting
1678971649: Config loaded from /mosquitto/config/mosquitto.conf.
1678971649: Starting in local only mode. Connections will only be possible from clients running on this machine.
1678971649: Create a configuration file which defines a listener to allow remote access.
1678971649: For more details see https://mosquitto.org/documentation/authentication-methods/
1678971649: Opening ipv4 listen socket on port 1883.
1678971649: Opening ipv6 listen socket on port 1883.
1678971649: Error: Address not available
1678971649: mosquitto version 2.0.15 running
1678972112: mosquitto version 2.0.15 terminating
1678972112: Saving in-memory database to /mosquitto/data//mosquitto.db.
1678972119: mosquitto version 2.0.15 starting
1678972119: Config loaded from /mosquitto/config/mosquitto.conf.
1678972119: Starting in local only mode. Connections will only be possible from clients running on this machine.
1678972119: Create a configuration file which defines a listener to allow remote access.
1678972119: For more details see https://mosquitto.org/documentation/authentication-methods/
1678972119: Opening ipv4 listen socket on port 1883.
1678972119: Opening ipv6 listen socket on port 1883.
1678972119: Error: Address not available
1678972119: mosquitto version 2.0.15 running
1678972238: mosquitto version 2.0.15 terminating
1678972238: Saving in-memory database to /mosquitto/data//mosquitto.db.
1678972240: mosquitto version 2.0.15 starting
1678972240: Config loaded from /mosquitto/config/mosquitto.conf.
1678972240: Starting in local only mode. Connections will only be possible from clients running on this machine.
1678972240: Create a configuration file which defines a listener to allow remote access.
1678972240: For more details see https://mosquitto.org/documentation/authentication-methods/
1678972240: Opening ipv4 listen socket on port 1883.
1678972240: Opening ipv6 listen socket on port 1883.
1678972240: Error: Address not available
1678972240: mosquitto version 2.0.15 running
1678974041: Saving in-memory database to /mosquitto/data//mosquitto.db.
1678975842: Saving in-memory database to /mosquitto/data//mosquitto.db.
1678977642: Saving in-memory database to /mosquitto/data//mosquitto.db.
1678979443: Saving in-memory database to /mosquitto/data//mosquitto.db.
1678981244: Saving in-memory database to /mosquitto/data//mosquitto.db.
1678982784: mosquitto version 2.0.15 terminating
1678982784: Saving in-memory database to /mosquitto/data//mosquitto.db.
1678982786: mosquitto version 2.0.15 starting
1678982786: Config loaded from /mosquitto/config/mosquitto.conf.
1678982786: Starting in local only mode. Connections will only be possible from clients running on this machine.
1678982786: Create a configuration file which defines a listener to allow remote access.
1678982786: For more details see https://mosquitto.org/documentation/authentication-methods/
1678982786: Opening ipv4 listen socket on port 1883.
1678982786: Opening ipv6 listen socket on port 1883.
1678982786: Error: Address not available
1678982786: mosquitto version 2.0.15 running
1678982909: mosquitto version 2.0.15 terminating
1678982909: Saving in-memory database to /mosquitto/data//mosquitto.db.
1678982918: mosquitto version 2.0.15 starting
1678982918: Config loaded from /mosquitto/config/mosquitto.conf.
1678982918: Starting in local only mode. Connections will only be possible from clients running on this machine.
1678982918: Create a configuration file which defines a listener to allow remote access.
1678982918: For more details see https://mosquitto.org/documentation/authentication-methods/
1678982918: Opening ipv4 listen socket on port 1883.
1678982918: Opening ipv6 listen socket on port 1883.
1678982918: Error: Address not available
1678982918: mosquitto version 2.0.15 running
1678983574: mosquitto version 2.0.15 terminating
1678983574: Saving in-memory database to /mosquitto/data//mosquitto.db.
1678983576: mosquitto version 2.0.15 starting
1678983576: Config loaded from /mosquitto/config/mosquitto.conf.
1678983576: Starting in local only mode. Connections will only be possible from clients running on this machine.
1678983576: Create a configuration file which defines a listener to allow remote access.
1678983576: For more details see https://mosquitto.org/documentation/authentication-methods/
1678983576: Opening ipv4 listen socket on port 1883.
1678983576: Opening ipv6 listen socket on port 1883.
1678983576: Error: Address not available
1678983576: mosquitto version 2.0.15 running
1678984280: mosquitto version 2.0.15 terminating
1678984280: Saving in-memory database to /mosquitto/data//mosquitto.db.
1678984292: mosquitto version 2.0.15 starting
1678984292: Config loaded from /mosquitto/config/mosquitto.conf.
1678984292: Starting in local only mode. Connections will only be possible from clients running on this machine.
1678984292: Create a configuration file which defines a listener to allow remote access.
1678984292: For more details see https://mosquitto.org/documentation/authentication-methods/
1678984292: Opening ipv4 listen socket on port 1883.
1678984292: Opening ipv6 listen socket on port 1883.
1678984292: Error: Address not available
1678984292: mosquitto version 2.0.15 running
1678984303: mosquitto version 2.0.15 terminating
1678984303: Saving in-memory database to /mosquitto/data//mosquitto.db.
1678984308: mosquitto version 2.0.15 starting
1678984308: Config loaded from /mosquitto/config/mosquitto.conf.
1678984308: Starting in local only mode. Connections will only be possible from clients running on this machine.
1678984308: Create a configuration file which defines a listener to allow remote access.
1678984308: For more details see https://mosquitto.org/documentation/authentication-methods/
1678984308: Opening ipv4 listen socket on port 1883.
1678984308: Opening ipv6 listen socket on port 1883.
1678984308: Error: Address not available
1678984308: mosquitto version 2.0.15 running
1678984315: mosquitto version 2.0.15 terminating
1678984315: Saving in-memory database to /mosquitto/data//mosquitto.db.
1678984321: mosquitto version 2.0.15 starting
1678984321: Config loaded from /mosquitto/config/mosquitto.conf.
1678984321: Starting in local only mode. Connections will only be possible from clients running on this machine.
1678984321: Create a configuration file which defines a listener to allow remote access.
1678984321: For more details see https://mosquitto.org/documentation/authentication-methods/
1678984321: Opening ipv4 listen socket on port 1883.
1678984321: Opening ipv6 listen socket on port 1883.
1678984321: Error: Address not available
1678984321: mosquitto version 2.0.15 running
1678984441: mosquitto version 2.0.15 terminating
1678984441: Saving in-memory database to /mosquitto/data//mosquitto.db.
1678984497: mosquitto version 2.0.15 starting
1678984497: Config loaded from /mosquitto/config/mosquitto.conf.
1678984497: Starting in local only mode. Connections will only be possible from clients running on this machine.
1678984497: Create a configuration file which defines a listener to allow remote access.
1678984497: For more details see https://mosquitto.org/documentation/authentication-methods/
1678984497: Opening ipv4 listen socket on port 1883.
1678984497: Opening ipv6 listen socket on port 1883.
1678984497: Error: Address not available
1678984497: mosquitto version 2.0.15 running
1678986297: Saving in-memory database to /mosquitto/data//mosquitto.db.
1678988099: Saving in-memory database to /mosquitto/data//mosquitto.db.
1678989899: Saving in-memory database to /mosquitto/data//mosquitto.db.
1678991701: Saving in-memory database to /mosquitto/data//mosquitto.db.
1678993501: Saving in-memory database to /mosquitto/data//mosquitto.db.
1678995303: Saving in-memory database to /mosquitto/data//mosquitto.db.
1678997103: Saving in-memory database to /mosquitto/data//mosquitto.db.
1678998905: Saving in-memory database to /mosquitto/data//mosquitto.db.
1679000705: Saving in-memory database to /mosquitto/data//mosquitto.db.
1679002507: Saving in-memory database to /mosquitto/data//mosquitto.db.
1679004307: Saving in-memory database to /mosquitto/data//mosquitto.db.
1679005253: mosquitto version 2.0.15 terminating
1679005253: Saving in-memory database to /mosquitto/data//mosquitto.db.
1679005265: mosquitto version 2.0.15 starting
1679005265: Config loaded from /mosquitto/config/mosquitto.conf.
1679005265: Starting in local only mode. Connections will only be possible from clients running on this machine.
1679005265: Create a configuration file which defines a listener to allow remote access.
1679005265: For more details see https://mosquitto.org/documentation/authentication-methods/
1679005265: Opening ipv4 listen socket on port 1883.
1679005265: Opening ipv6 listen socket on port 1883.
1679005265: Error: Address not available
1679005265: mosquitto version 2.0.15 running
1679007066: Saving in-memory database to /mosquitto/data//mosquitto.db.
1679008867: Saving in-memory database to /mosquitto/data//mosquitto.db.
1679010668: Saving in-memory database to /mosquitto/data//mosquitto.db.
1679012468: Saving in-memory database to /mosquitto/data//mosquitto.db.
1679014270: Saving in-memory database to /mosquitto/data//mosquitto.db.
1679016070: Saving in-memory database to /mosquitto/data//mosquitto.db.
1679017871: Saving in-memory database to /mosquitto/data//mosquitto.db.
1679019673: Saving in-memory database to /mosquitto/data//mosquitto.db.
1679021474: Saving in-memory database to /mosquitto/data//mosquitto.db.
1679023275: Saving in-memory database to /mosquitto/data//mosquitto.db.
1679025076: Saving in-memory database to /mosquitto/data//mosquitto.db.
1679026876: Saving in-memory database to /mosquitto/data//mosquitto.db.
1679028677: Saving in-memory database to /mosquitto/data//mosquitto.db.
1679030478: Saving in-memory database to /mosquitto/data//mosquitto.db.
1679032279: Saving in-memory database to /mosquitto/data//mosquitto.db.
1679034081: Saving in-memory database to /mosquitto/data//mosquitto.db.
1679035882: Saving in-memory database to /mosquitto/data//mosquitto.db.
1679037683: Saving in-memory database to /mosquitto/data//mosquitto.db.
1679039484: Saving in-memory database to /mosquitto/data//mosquitto.db.
1679041285: Saving in-memory database to /mosquitto/data//mosquitto.db.
1679043086: Saving in-memory database to /mosquitto/data//mosquitto.db.
1679044887: Saving in-memory database to /mosquitto/data//mosquitto.db.
1679046688: Saving in-memory database to /mosquitto/data//mosquitto.db.
1679048488: Saving in-memory database to /mosquitto/data//mosquitto.db.
1679050289: Saving in-memory database to /mosquitto/data//mosquitto.db.
1679052090: Saving in-memory database to /mosquitto/data//mosquitto.db.
1679053891: Saving in-memory database to /mosquitto/data//mosquitto.db.
1679053964: mosquitto version 2.0.15 terminating
1679053964: Saving in-memory database to /mosquitto/data//mosquitto.db.
1679054224: mosquitto version 2.0.15 starting
1679054224: Config loaded from /mosquitto/config/mosquitto.conf.
1679054224: Starting in local only mode. Connections will only be possible from clients running on this machine.
1679054224: Create a configuration file which defines a listener to allow remote access.
1679054224: For more details see https://mosquitto.org/documentation/authentication-methods/
1679054224: Opening ipv4 listen socket on port 1883.
1679054224: Opening ipv6 listen socket on port 1883.
1679054224: Error: Address not available
1679054224: mosquitto version 2.0.15 running
1679054874: mosquitto version 2.0.15 terminating
1679054874: Saving in-memory database to /mosquitto/data//mosquitto.db.
1679054888: mosquitto version 2.0.15 starting
1679054888: Config loaded from /mosquitto/config/mosquitto.conf.
1679054888: Starting in local only mode. Connections will only be possible from clients running on this machine.
1679054888: Create a configuration file which defines a listener to allow remote access.
1679054888: For more details see https://mosquitto.org/documentation/authentication-methods/
1679054888: Opening ipv4 listen socket on port 1883.
1679054888: Opening ipv6 listen socket on port 1883.
1679054888: Error: Address not available
1679054888: mosquitto version 2.0.15 running
1679056689: Saving in-memory database to /mosquitto/data//mosquitto.db.
1679058489: Saving in-memory database to /mosquitto/data//mosquitto.db.
1679060290: Saving in-memory database to /mosquitto/data//mosquitto.db.
1679062092: Saving in-memory database to /mosquitto/data//mosquitto.db.
1679063892: Saving in-memory database to /mosquitto/data//mosquitto.db.
1679065693: Saving in-memory database to /mosquitto/data//mosquitto.db.
1679067494: Saving in-memory database to /mosquitto/data//mosquitto.db.
1679069296: Saving in-memory database to /mosquitto/data//mosquitto.db.
1679071096: Saving in-memory database to /mosquitto/data//mosquitto.db.
1679072897: Saving in-memory database to /mosquitto/data//mosquitto.db.
1679074698: Saving in-memory database to /mosquitto/data//mosquitto.db.
1679076500: Saving in-memory database to /mosquitto/data//mosquitto.db.
1679078301: Saving in-memory database to /mosquitto/data//mosquitto.db.
1679080101: Saving in-memory database to /mosquitto/data//mosquitto.db.
1679081903: Saving in-memory database to /mosquitto/data//mosquitto.db.
1679083704: Saving in-memory database to /mosquitto/data//mosquitto.db.
1679085505: Saving in-memory database to /mosquitto/data//mosquitto.db.
1679087306: Saving in-memory database to /mosquitto/data//mosquitto.db.
1679089106: Saving in-memory database to /mosquitto/data//mosquitto.db.
1679090907: Saving in-memory database to /mosquitto/data//mosquitto.db.
1679092708: Saving in-memory database to /mosquitto/data//mosquitto.db.
1679094509: Saving in-memory database to /mosquitto/data//mosquitto.db.
1679096310: Saving in-memory database to /mosquitto/data//mosquitto.db.
1679098112: Saving in-memory database to /mosquitto/data//mosquitto.db.
1679099912: Saving in-memory database to /mosquitto/data//mosquitto.db.
1679101713: Saving in-memory database to /mosquitto/data//mosquitto.db.
1679103515: Saving in-memory database to /mosquitto/data//mosquitto.db.
1679105316: Saving in-memory database to /mosquitto/data//mosquitto.db.
1679107116: Saving in-memory database to /mosquitto/data//mosquitto.db.
1679108918: Saving in-memory database to /mosquitto/data//mosquitto.db.
1679110718: Saving in-memory database to /mosquitto/data//mosquitto.db.
1679112519: Saving in-memory database to /mosquitto/data//mosquitto.db.
1679114321: Saving in-memory database to /mosquitto/data//mosquitto.db.
1679116122: Saving in-memory database to /mosquitto/data//mosquitto.db.
1679117922: Saving in-memory database to /mosquitto/data//mosquitto.db.
1679119723: Saving in-memory database to /mosquitto/data//mosquitto.db.
1679121525: Saving in-memory database to /mosquitto/data//mosquitto.db.
1679123325: Saving in-memory database to /mosquitto/data//mosquitto.db.
1679125126: Saving in-memory database to /mosquitto/data//mosquitto.db.
1679126928: Saving in-memory database to /mosquitto/data//mosquitto.db.
1679128729: Saving in-memory database to /mosquitto/data//mosquitto.db.
1679130529: Saving in-memory database to /mosquitto/data//mosquitto.db.
1679132330: Saving in-memory database to /mosquitto/data//mosquitto.db.
1679134132: Saving in-memory database to /mosquitto/data//mosquitto.db.
1679135932: Saving in-memory database to /mosquitto/data//mosquitto.db.
1679137734: Saving in-memory database to /mosquitto/data//mosquitto.db.
1679139534: Saving in-memory database to /mosquitto/data//mosquitto.db.
1679141335: Saving in-memory database to /mosquitto/data//mosquitto.db.
1679143136: Saving in-memory database to /mosquitto/data//mosquitto.db.
1679144937: Saving in-memory database to /mosquitto/data//mosquitto.db.
1679146738: Saving in-memory database to /mosquitto/data//mosquitto.db.
1679148539: Saving in-memory database to /mosquitto/data//mosquitto.db.
1679150341: Saving in-memory database to /mosquitto/data//mosquitto.db.
1679152141: Saving in-memory database to /mosquitto/data//mosquitto.db.
1679153942: Saving in-memory database to /mosquitto/data//mosquitto.db.
1679155743: Saving in-memory database to /mosquitto/data//mosquitto.db.
1679157544: Saving in-memory database to /mosquitto/data//mosquitto.db.
1679159346: Saving in-memory database to /mosquitto/data//mosquitto.db.
1679161146: Saving in-memory database to /mosquitto/data//mosquitto.db.
1679162948: Saving in-memory database to /mosquitto/data//mosquitto.db.
1679164748: Saving in-memory database to /mosquitto/data//mosquitto.db.
1679166549: Saving in-memory database to /mosquitto/data//mosquitto.db.
1679167185: mosquitto version 2.0.15 terminating
1679167185: Saving in-memory database to /mosquitto/data//mosquitto.db.
1679167206: mosquitto version 2.0.15 starting
1679167206: Config loaded from /mosquitto/config/mosquitto.conf.
1679167206: Starting in local only mode. Connections will only be possible from clients running on this machine.
1679167206: Create a configuration file which defines a listener to allow remote access.
1679167206: For more details see https://mosquitto.org/documentation/authentication-methods/
1679167206: Opening ipv4 listen socket on port 1883.
1679167206: Opening ipv6 listen socket on port 1883.
1679167206: Error: Address not available
1679167206: mosquitto version 2.0.15 running
1679169006: Saving in-memory database to /mosquitto/data//mosquitto.db.
1679170808: Saving in-memory database to /mosquitto/data//mosquitto.db.
1679172609: Saving in-memory database to /mosquitto/data//mosquitto.db.
1679174409: Saving in-memory database to /mosquitto/data//mosquitto.db.
1679176211: Saving in-memory database to /mosquitto/data//mosquitto.db.
1679178011: Saving in-memory database to /mosquitto/data//mosquitto.db.
1679179813: Saving in-memory database to /mosquitto/data//mosquitto.db.
1679181614: Saving in-memory database to /mosquitto/data//mosquitto.db.
1679183414: Saving in-memory database to /mosquitto/data//mosquitto.db.
1679185215: Saving in-memory database to /mosquitto/data//mosquitto.db.
1679187016: Saving in-memory database to /mosquitto/data//mosquitto.db.
1679188818: Saving in-memory database to /mosquitto/data//mosquitto.db.
1679190619: Saving in-memory database to /mosquitto/data//mosquitto.db.
1679192419: Saving in-memory database to /mosquitto/data//mosquitto.db.
1679194220: Saving in-memory database to /mosquitto/data//mosquitto.db.
1679196022: Saving in-memory database to /mosquitto/data//mosquitto.db.
1679197823: Saving in-memory database to /mosquitto/data//mosquitto.db.
1679199623: Saving in-memory database to /mosquitto/data//mosquitto.db.
1679201425: Saving in-memory database to /mosquitto/data//mosquitto.db.
1679203226: Saving in-memory database to /mosquitto/data//mosquitto.db.
1679205027: Saving in-memory database to /mosquitto/data//mosquitto.db.
1679206827: Saving in-memory database to /mosquitto/data//mosquitto.db.
1679208629: Saving in-memory database to /mosquitto/data//mosquitto.db.
1679210430: Saving in-memory database to /mosquitto/data//mosquitto.db.
1679212230: Saving in-memory database to /mosquitto/data//mosquitto.db.
1679214031: Saving in-memory database to /mosquitto/data//mosquitto.db.
1679215833: Saving in-memory database to /mosquitto/data//mosquitto.db.
1679217633: Saving in-memory database to /mosquitto/data//mosquitto.db.
1679219434: Saving in-memory database to /mosquitto/data//mosquitto.db.
1679221235: Saving in-memory database to /mosquitto/data//mosquitto.db.
1679223036: Saving in-memory database to /mosquitto/data//mosquitto.db.
1679224838: Saving in-memory database to /mosquitto/data//mosquitto.db.
1679226638: Saving in-memory database to /mosquitto/data//mosquitto.db.
1679228439: Saving in-memory database to /mosquitto/data//mosquitto.db.
1679230240: Saving in-memory database to /mosquitto/data//mosquitto.db.
1679232041: Saving in-memory database to /mosquitto/data//mosquitto.db.
1679233842: Saving in-memory database to /mosquitto/data//mosquitto.db.
1679235643: Saving in-memory database to /mosquitto/data//mosquitto.db.
1679237444: Saving in-memory database to /mosquitto/data//mosquitto.db.
1679239245: Saving in-memory database to /mosquitto/data//mosquitto.db.
1679241046: Saving in-memory database to /mosquitto/data//mosquitto.db.
1679242848: Saving in-memory database to /mosquitto/data//mosquitto.db.
1679244649: Saving in-memory database to /mosquitto/data//mosquitto.db.
1679246450: Saving in-memory database to /mosquitto/data//mosquitto.db.
1679248251: Saving in-memory database to /mosquitto/data//mosquitto.db.
1679250052: Saving in-memory database to /mosquitto/data//mosquitto.db.
1679251853: Saving in-memory database to /mosquitto/data//mosquitto.db.
1679253653: Saving in-memory database to /mosquitto/data//mosquitto.db.
1679255454: Saving in-memory database to /mosquitto/data//mosquitto.db.
1679257256: Saving in-memory database to /mosquitto/data//mosquitto.db.
1679259056: Saving in-memory database to /mosquitto/data//mosquitto.db.
1679260858: Saving in-memory database to /mosquitto/data//mosquitto.db.
1679262658: Saving in-memory database to /mosquitto/data//mosquitto.db.
1679264459: Saving in-memory database to /mosquitto/data//mosquitto.db.
1679266261: Saving in-memory database to /mosquitto/data//mosquitto.db.
1679268062: Saving in-memory database to /mosquitto/data//mosquitto.db.
1679269863: Saving in-memory database to /mosquitto/data//mosquitto.db.
1679271664: Saving in-memory database to /mosquitto/data//mosquitto.db.
1679273465: Saving in-memory database to /mosquitto/data//mosquitto.db.
1679275265: Saving in-memory database to /mosquitto/data//mosquitto.db.
1679277066: Saving in-memory database to /mosquitto/data//mosquitto.db.
1679278868: Saving in-memory database to /mosquitto/data//mosquitto.db.
1679280669: Saving in-memory database to /mosquitto/data//mosquitto.db.
1679282470: Saving in-memory database to /mosquitto/data//mosquitto.db.
1679284270: Saving in-memory database to /mosquitto/data//mosquitto.db.
1679286071: Saving in-memory database to /mosquitto/data//mosquitto.db.
1679287873: Saving in-memory database to /mosquitto/data//mosquitto.db.
1679289673: Saving in-memory database to /mosquitto/data//mosquitto.db.
1679291474: Saving in-memory database to /mosquitto/data//mosquitto.db.
1679293276: Saving in-memory database to /mosquitto/data//mosquitto.db.
1679295077: Saving in-memory database to /mosquitto/data//mosquitto.db.
1679296877: Saving in-memory database to /mosquitto/data//mosquitto.db.
1679298679: Saving in-memory database to /mosquitto/data//mosquitto.db.
1679300480: Saving in-memory database to /mosquitto/data//mosquitto.db.
1679302281: Saving in-memory database to /mosquitto/data//mosquitto.db.
1679304081: Saving in-memory database to /mosquitto/data//mosquitto.db.
1679305882: Saving in-memory database to /mosquitto/data//mosquitto.db.
1679307684: Saving in-memory database to /mosquitto/data//mosquitto.db.
1679309484: Saving in-memory database to /mosquitto/data//mosquitto.db.
1679311285: Saving in-memory database to /mosquitto/data//mosquitto.db.
1679313086: Saving in-memory database to /mosquitto/data//mosquitto.db.
1679314888: Saving in-memory database to /mosquitto/data//mosquitto.db.
1679316689: Saving in-memory database to /mosquitto/data//mosquitto.db.
1679318489: Saving in-memory database to /mosquitto/data//mosquitto.db.
1679320290: Saving in-memory database to /mosquitto/data//mosquitto.db.
1679322092: Saving in-memory database to /mosquitto/data//mosquitto.db.
1679323893: Saving in-memory database to /mosquitto/data//mosquitto.db.
1679325694: Saving in-memory database to /mosquitto/data//mosquitto.db.
1679327495: Saving in-memory database to /mosquitto/data//mosquitto.db.
1679329296: Saving in-memory database to /mosquitto/data//mosquitto.db.
1679331096: Saving in-memory database to /mosquitto/data//mosquitto.db.
1679332898: Saving in-memory database to /mosquitto/data//mosquitto.db.
1679334698: Saving in-memory database to /mosquitto/data//mosquitto.db.
1679336499: Saving in-memory database to /mosquitto/data//mosquitto.db.
1679338300: Saving in-memory database to /mosquitto/data//mosquitto.db.
1679340101: Saving in-memory database to /mosquitto/data//mosquitto.db.
1679341903: Saving in-memory database to /mosquitto/data//mosquitto.db.
1679343703: Saving in-memory database to /mosquitto/data//mosquitto.db.
1679345504: Saving in-memory database to /mosquitto/data//mosquitto.db.
1679347306: Saving in-memory database to /mosquitto/data//mosquitto.db.
1679349106: Saving in-memory database to /mosquitto/data//mosquitto.db.
1679350908: Saving in-memory database to /mosquitto/data//mosquitto.db.
1679352708: Saving in-memory database to /mosquitto/data//mosquitto.db.
1679354509: Saving in-memory database to /mosquitto/data//mosquitto.db.
1679356311: Saving in-memory database to /mosquitto/data//mosquitto.db.
1679358111: Saving in-memory database to /mosquitto/data//mosquitto.db.
1679359913: Saving in-memory database to /mosquitto/data//mosquitto.db.
1679361714: Saving in-memory database to /mosquitto/data//mosquitto.db.
1679363515: Saving in-memory database to /mosquitto/data//mosquitto.db.
1679365315: Saving in-memory database to /mosquitto/data//mosquitto.db.
1679367116: Saving in-memory database to /mosquitto/data//mosquitto.db.
1679368917: Saving in-memory database to /mosquitto/data//mosquitto.db.
1679370719: Saving in-memory database to /mosquitto/data//mosquitto.db.
1679372519: Saving in-memory database to /mosquitto/data//mosquitto.db.
1679374320: Saving in-memory database to /mosquitto/data//mosquitto.db.
1679376122: Saving in-memory database to /mosquitto/data//mosquitto.db.
1679377923: Saving in-memory database to /mosquitto/data//mosquitto.db.
1679379725: Saving in-memory database to /mosquitto/data//mosquitto.db.
1679381526: Saving in-memory database to /mosquitto/data//mosquitto.db.
1679383327: Saving in-memory database to /mosquitto/data//mosquitto.db.
1679385128: Saving in-memory database to /mosquitto/data//mosquitto.db.
1679386929: Saving in-memory database to /mosquitto/data//mosquitto.db.
1679388730: Saving in-memory database to /mosquitto/data//mosquitto.db.
1679390531: Saving in-memory database to /mosquitto/data//mosquitto.db.
1679392332: Saving in-memory database to /mosquitto/data//mosquitto.db.
1679394133: Saving in-memory database to /mosquitto/data//mosquitto.db.
1679395934: Saving in-memory database to /mosquitto/data//mosquitto.db.
1679397735: Saving in-memory database to /mosquitto/data//mosquitto.db.
1679399536: Saving in-memory database to /mosquitto/data//mosquitto.db.
1679401337: Saving in-memory database to /mosquitto/data//mosquitto.db.
1679403138: Saving in-memory database to /mosquitto/data//mosquitto.db.
1679404939: Saving in-memory database to /mosquitto/data//mosquitto.db.
1679406740: Saving in-memory database to /mosquitto/data//mosquitto.db.
1679408541: Saving in-memory database to /mosquitto/data//mosquitto.db.
1679410342: Saving in-memory database to /mosquitto/data//mosquitto.db.
1679412143: Saving in-memory database to /mosquitto/data//mosquitto.db.
1679412264: mosquitto version 2.0.15 starting
1679412264: Config loaded from /mosquitto/config/mosquitto.conf.
1679412264: Starting in local only mode. Connections will only be possible from clients running on this machine.
1679412264: Create a configuration file which defines a listener to allow remote access.
1679412264: For more details see https://mosquitto.org/documentation/authentication-methods/
1679412264: Opening ipv4 listen socket on port 1883.
1679412264: Opening ipv6 listen socket on port 1883.
1679412264: Error: Address not available
1679412264: mosquitto version 2.0.15 running
1679414065: Saving in-memory database to /mosquitto/data//mosquitto.db.
1679415865: Saving in-memory database to /mosquitto/data//mosquitto.db.
1679417666: Saving in-memory database to /mosquitto/data//mosquitto.db.
1679419467: Saving in-memory database to /mosquitto/data//mosquitto.db.
1679421268: Saving in-memory database to /mosquitto/data//mosquitto.db.
1679423069: Saving in-memory database to /mosquitto/data//mosquitto.db.
1679424870: Saving in-memory database to /mosquitto/data//mosquitto.db.
1679426671: Saving in-memory database to /mosquitto/data//mosquitto.db.
1679428472: Saving in-memory database to /mosquitto/data//mosquitto.db.
1679430273: Saving in-memory database to /mosquitto/data//mosquitto.db.
1679432074: Saving in-memory database to /mosquitto/data//mosquitto.db.
1679433875: Saving in-memory database to /mosquitto/data//mosquitto.db.
1679435676: Saving in-memory database to /mosquitto/data//mosquitto.db.
1679437477: Saving in-memory database to /mosquitto/data//mosquitto.db.
1679439278: Saving in-memory database to /mosquitto/data//mosquitto.db.
1679441079: Saving in-memory database to /mosquitto/data//mosquitto.db.
1679442880: Saving in-memory database to /mosquitto/data//mosquitto.db.
1679444681: Saving in-memory database to /mosquitto/data//mosquitto.db.
1679446482: Saving in-memory database to /mosquitto/data//mosquitto.db.
1679448283: Saving in-memory database to /mosquitto/data//mosquitto.db.
1679450084: Saving in-memory database to /mosquitto/data//mosquitto.db.
1679451885: Saving in-memory database to /mosquitto/data//mosquitto.db.
1679453686: Saving in-memory database to /mosquitto/data//mosquitto.db.
1679455487: Saving in-memory database to /mosquitto/data//mosquitto.db.
1679457288: Saving in-memory database to /mosquitto/data//mosquitto.db.
1679459089: Saving in-memory database to /mosquitto/data//mosquitto.db.
1679460890: Saving in-memory database to /mosquitto/data//mosquitto.db.
1679462691: Saving in-memory database to /mosquitto/data//mosquitto.db.
1679464492: Saving in-memory database to /mosquitto/data//mosquitto.db.
1679466293: Saving in-memory database to /mosquitto/data//mosquitto.db.
1679468094: Saving in-memory database to /mosquitto/data//mosquitto.db.
1679469895: Saving in-memory database to /mosquitto/data//mosquitto.db.
1679471696: Saving in-memory database to /mosquitto/data//mosquitto.db.
1679473497: Saving in-memory database to /mosquitto/data//mosquitto.db.
1679475298: Saving in-memory database to /mosquitto/data//mosquitto.db.
1679477099: Saving in-memory database to /mosquitto/data//mosquitto.db.
1679478900: Saving in-memory database to /mosquitto/data//mosquitto.db.
1679480701: Saving in-memory database to /mosquitto/data//mosquitto.db.
1679482502: Saving in-memory database to /mosquitto/data//mosquitto.db.
1679484303: Saving in-memory database to /mosquitto/data//mosquitto.db.
1679486104: Saving in-memory database to /mosquitto/data//mosquitto.db.
1679487905: Saving in-memory database to /mosquitto/data//mosquitto.db.
1679489706: Saving in-memory database to /mosquitto/data//mosquitto.db.
1679490252: mosquitto version 2.0.15 terminating
1679490252: Saving in-memory database to /mosquitto/data//mosquitto.db.
1679490254: mosquitto version 2.0.15 starting
1679490254: Config loaded from /mosquitto/config/mosquitto.conf.
1679490254: Opening ipv4 listen socket on port 1883.
1679490254: Opening ipv6 listen socket on port 1883.
1679490254: mosquitto version 2.0.15 running
1679490267: New connection from 172.18.0.1:44826 on port 1883.
1679490267: New client connected from 172.18.0.1:44826 as auto-9114EECB-FC3C-C8EE-F76F-49F937C144E1 (p2, c1, k60).
1679490271: New connection from 172.18.0.1:44840 on port 1883.
1679490272: New client connected from 172.18.0.1:44840 as ufcity_sub_111 (p2, c0, k60).
1679490273: New connection from 172.18.0.1:44844 on port 1883.
1679490274: New client connected from 172.18.0.1:44844 as ufcity_pub_111 (p2, c1, k60).
1679490274: Client ufcity_pub_111 disconnected.
1679490274: New connection from 172.18.0.1:44856 on port 1883.
1679490274: New client connected from 172.18.0.1:44856 as ufcity_pub_111 (p2, c1, k60).
1679490274: Client ufcity_pub_111 disconnected.
1679490274: New connection from 172.18.0.1:44870 on port 1883.
1679490274: New client connected from 172.18.0.1:44870 as ufcity_pub_111 (p2, c1, k60).
1679490274: Client ufcity_pub_111 disconnected.
1679490276: New connection from 172.18.0.1:44872 on port 1883.
1679490276: New client connected from 172.18.0.1:44872 as ufcity_pub_111 (p2, c1, k60).
1679490276: Client ufcity_pub_111 disconnected.
1679490278: New connection from 172.18.0.1:55324 on port 1883.
1679490278: New client connected from 172.18.0.1:55324 as ufcity_pub_111 (p2, c1, k60).
1679490278: Client ufcity_pub_111 disconnected.
1679490280: New connection from 172.18.0.1:55338 on port 1883.
1679490280: New client connected from 172.18.0.1:55338 as ufcity_pub_111 (p2, c1, k60).
1679490280: Client ufcity_pub_111 disconnected.
1679490282: New connection from 172.18.0.1:55348 on port 1883.
1679490282: New client connected from 172.18.0.1:55348 as ufcity_pub_111 (p2, c1, k60).
1679490282: Client ufcity_pub_111 disconnected.
1679490284: New connection from 172.18.0.1:55356 on port 1883.
1679490284: New client connected from 172.18.0.1:55356 as ufcity_pub_111 (p2, c1, k60).
1679490284: Client ufcity_pub_111 disconnected.
1679490286: New connection from 172.18.0.1:55360 on port 1883.
1679490286: New client connected from 172.18.0.1:55360 as ufcity_pub_111 (p2, c1, k60).
1679490286: Client ufcity_pub_111 disconnected.
1679490288: New connection from 172.18.0.1:39712 on port 1883.
1679490288: New client connected from 172.18.0.1:39712 as ufcity_pub_111 (p2, c1, k60).
1679490288: Client ufcity_pub_111 disconnected.
1679490290: New connection from 172.18.0.1:39726 on port 1883.
1679490290: New client connected from 172.18.0.1:39726 as ufcity_pub_111 (p2, c1, k60).
1679490290: Client ufcity_pub_111 disconnected.
1679490292: New connection from 172.18.0.1:39734 on port 1883.
1679490292: New client connected from 172.18.0.1:39734 as ufcity_pub_111 (p2, c1, k60).
1679490292: Client ufcity_pub_111 disconnected.
1679490294: New connection from 172.18.0.1:39740 on port 1883.
1679490294: New client connected from 172.18.0.1:39740 as ufcity_pub_111 (p2, c1, k60).
1679490294: Client ufcity_pub_111 disconnected.
1679490296: New connection from 172.18.0.1:39744 on port 1883.
1679490296: New client connected from 172.18.0.1:39744 as ufcity_pub_111 (p2, c1, k60).
1679490296: Client ufcity_pub_111 disconnected.
1679490298: New connection from 172.18.0.1:51928 on port 1883.
1679490298: New client connected from 172.18.0.1:51928 as ufcity_pub_111 (p2, c1, k60).
1679490298: Client ufcity_pub_111 disconnected.
1679490300: New connection from 172.18.0.1:51940 on port 1883.
1679490300: New client connected from 172.18.0.1:51940 as ufcity_pub_111 (p2, c1, k60).
1679490300: Client ufcity_pub_111 disconnected.
1679490302: New connection from 172.18.0.1:51954 on port 1883.
1679490302: New client connected from 172.18.0.1:51954 as ufcity_pub_111 (p2, c1, k60).
1679490302: Client ufcity_pub_111 disconnected.
1679490304: New connection from 172.18.0.1:51964 on port 1883.
1679490304: New client connected from 172.18.0.1:51964 as ufcity_pub_111 (p2, c1, k60).
1679490304: Client ufcity_pub_111 disconnected.
1679490306: New connection from 172.18.0.1:51978 on port 1883.
1679490306: New client connected from 172.18.0.1:51978 as ufcity_pub_111 (p2, c1, k60).
1679490306: Client ufcity_pub_111 disconnected.
1679490308: New connection from 172.18.0.1:56478 on port 1883.
1679490308: New client connected from 172.18.0.1:56478 as ufcity_pub_111 (p2, c1, k60).
1679490308: Client ufcity_pub_111 disconnected.
1679490310: New connection from 172.18.0.1:56486 on port 1883.
1679490310: New client connected from 172.18.0.1:56486 as ufcity_pub_111 (p2, c1, k60).
1679490310: Client ufcity_pub_111 disconnected.
1679490312: New connection from 172.18.0.1:56498 on port 1883.
1679490312: New client connected from 172.18.0.1:56498 as ufcity_pub_111 (p2, c1, k60).
1679490312: Client ufcity_pub_111 disconnected.
1679490314: New connection from 172.18.0.1:56510 on port 1883.
1679490314: New client connected from 172.18.0.1:56510 as ufcity_pub_111 (p2, c1, k60).
1679490314: Client ufcity_pub_111 disconnected.
1679490316: New connection from 172.18.0.1:56516 on port 1883.
1679490316: New client connected from 172.18.0.1:56516 as ufcity_pub_111 (p2, c1, k60).
1679490316: Client ufcity_pub_111 disconnected.
1679490318: New connection from 172.18.0.1:52324 on port 1883.
1679490318: New client connected from 172.18.0.1:52324 as ufcity_pub_111 (p2, c1, k60).
1679490318: Client ufcity_pub_111 disconnected.
1679490320: New connection from 172.18.0.1:52340 on port 1883.
1679490320: New client connected from 172.18.0.1:52340 as ufcity_pub_111 (p2, c1, k60).
1679490320: Client ufcity_pub_111 disconnected.
1679490322: New connection from 172.18.0.1:52342 on port 1883.
1679490322: New client connected from 172.18.0.1:52342 as ufcity_pub_111 (p2, c1, k60).
1679490322: Client ufcity_pub_111 disconnected.
1679490324: New connection from 172.18.0.1:52346 on port 1883.
1679490324: New client connected from 172.18.0.1:52346 as ufcity_pub_111 (p2, c1, k60).
1679490324: Client ufcity_pub_111 disconnected.
1679490326: New connection from 172.18.0.1:52354 on port 1883.
1679490326: New client connected from 172.18.0.1:52354 as ufcity_pub_111 (p2, c1, k60).
1679490326: Client ufcity_pub_111 disconnected.
1679490328: New connection from 172.18.0.1:35652 on port 1883.
1679490328: New client connected from 172.18.0.1:35652 as ufcity_pub_111 (p2, c1, k60).
1679490328: Client ufcity_pub_111 disconnected.
1679490330: New connection from 172.18.0.1:35668 on port 1883.
1679490330: New client connected from 172.18.0.1:35668 as ufcity_pub_111 (p2, c1, k60).
1679490330: Client ufcity_pub_111 disconnected.
1679490332: New connection from 172.18.0.1:35678 on port 1883.
1679490332: New client connected from 172.18.0.1:35678 as ufcity_pub_111 (p2, c1, k60).
1679490332: Client ufcity_pub_111 disconnected.
1679490334: New connection from 172.18.0.1:35690 on port 1883.
1679490334: New client connected from 172.18.0.1:35690 as ufcity_pub_111 (p2, c1, k60).
1679490334: Client ufcity_pub_111 disconnected.
1679490336: New connection from 172.18.0.1:35700 on port 1883.
1679490336: New client connected from 172.18.0.1:35700 as ufcity_pub_111 (p2, c1, k60).
1679490336: Client ufcity_pub_111 disconnected.
1679490338: New connection from 172.18.0.1:44982 on port 1883.
1679490338: New client connected from 172.18.0.1:44982 as ufcity_pub_111 (p2, c1, k60).
1679490338: Client ufcity_pub_111 disconnected.
1679490340: New connection from 172.18.0.1:44986 on port 1883.
1679490340: New client connected from 172.18.0.1:44986 as ufcity_pub_111 (p2, c1, k60).
1679490340: Client ufcity_pub_111 disconnected.
1679490342: New connection from 172.18.0.1:44996 on port 1883.
1679490342: New client connected from 172.18.0.1:44996 as ufcity_pub_111 (p2, c1, k60).
1679490342: Client ufcity_pub_111 disconnected.
1679490344: New connection from 172.18.0.1:45008 on port 1883.
1679490344: New client connected from 172.18.0.1:45008 as ufcity_pub_111 (p2, c1, k60).
1679490344: Client ufcity_pub_111 disconnected.
1679490346: New connection from 172.18.0.1:45024 on port 1883.
1679490346: New client connected from 172.18.0.1:45024 as ufcity_pub_111 (p2, c1, k60).
1679490346: Client ufcity_pub_111 disconnected.
1679490348: New connection from 172.18.0.1:43766 on port 1883.
1679490348: New client connected from 172.18.0.1:43766 as ufcity_pub_111 (p2, c1, k60).
1679490348: Client ufcity_pub_111 disconnected.
1679490350: New connection from 172.18.0.1:43774 on port 1883.
1679490350: New client connected from 172.18.0.1:43774 as ufcity_pub_111 (p2, c1, k60).
1679490350: Client ufcity_pub_111 disconnected.
1679490352: New connection from 172.18.0.1:43776 on port 1883.
1679490352: New client connected from 172.18.0.1:43776 as ufcity_pub_111 (p2, c1, k60).
1679490352: Client ufcity_pub_111 disconnected.
1679490354: New connection from 172.18.0.1:43784 on port 1883.
1679490354: New client connected from 172.18.0.1:43784 as ufcity_pub_111 (p2, c1, k60).
1679490354: Client ufcity_pub_111 disconnected.
1679490356: New connection from 172.18.0.1:43794 on port 1883.
1679490356: New client connected from 172.18.0.1:43794 as ufcity_pub_111 (p2, c1, k60).
1679490356: Client ufcity_pub_111 disconnected.
1679490358: New connection from 172.18.0.1:36706 on port 1883.
1679490358: New client connected from 172.18.0.1:36706 as ufcity_pub_111 (p2, c1, k60).
1679490358: Client ufcity_pub_111 disconnected.
1679490360: New connection from 172.18.0.1:36710 on port 1883.
1679490360: New client connected from 172.18.0.1:36710 as ufcity_pub_111 (p2, c1, k60).
1679490360: Client ufcity_pub_111 disconnected.
1679490362: New connection from 172.18.0.1:36714 on port 1883.
1679490362: New client connected from 172.18.0.1:36714 as ufcity_pub_111 (p2, c1, k60).
1679490362: Client ufcity_pub_111 disconnected.
1679490364: New connection from 172.18.0.1:36718 on port 1883.
1679490364: New client connected from 172.18.0.1:36718 as ufcity_pub_111 (p2, c1, k60).
1679490364: Client ufcity_pub_111 disconnected.
1679490366: New connection from 172.18.0.1:36730 on port 1883.
1679490366: New client connected from 172.18.0.1:36730 as ufcity_pub_111 (p2, c1, k60).
1679490366: Client ufcity_pub_111 disconnected.
1679490368: New connection from 172.18.0.1:54656 on port 1883.
1679490368: New client connected from 172.18.0.1:54656 as ufcity_pub_111 (p2, c1, k60).
1679490368: Client ufcity_pub_111 disconnected.
1679490370: New connection from 172.18.0.1:54664 on port 1883.
1679490370: New client connected from 172.18.0.1:54664 as ufcity_pub_111 (p2, c1, k60).
1679490370: Client ufcity_pub_111 disconnected.
1679490372: New connection from 172.18.0.1:54670 on port 1883.
1679490372: New client connected from 172.18.0.1:54670 as ufcity_pub_111 (p2, c1, k60).
1679490372: Client ufcity_pub_111 disconnected.
1679490374: New connection from 172.18.0.1:54678 on port 1883.
1679490374: New client connected from 172.18.0.1:54678 as ufcity_pub_111 (p2, c1, k60).
1679490374: Client ufcity_pub_111 disconnected.
1679490376: New connection from 172.18.0.1:54682 on port 1883.
1679490376: New client connected from 172.18.0.1:54682 as ufcity_pub_111 (p2, c1, k60).
1679490376: Client ufcity_pub_111 disconnected.
1679490378: New connection from 172.18.0.1:43822 on port 1883.
1679490378: New client connected from 172.18.0.1:43822 as ufcity_pub_111 (p2, c1, k60).
1679490378: Client ufcity_pub_111 disconnected.
1679490380: New connection from 172.18.0.1:43830 on port 1883.
1679490380: New client connected from 172.18.0.1:43830 as ufcity_pub_111 (p2, c1, k60).
1679490380: Client ufcity_pub_111 disconnected.
1679490382: New connection from 172.18.0.1:43834 on port 1883.
1679490382: New client connected from 172.18.0.1:43834 as ufcity_pub_111 (p2, c1, k60).
1679490382: Client ufcity_pub_111 disconnected.
1679490384: New connection from 172.18.0.1:43846 on port 1883.
1679490384: New client connected from 172.18.0.1:43846 as ufcity_pub_111 (p2, c1, k60).
1679490384: Client ufcity_pub_111 disconnected.
1679490386: New connection from 172.18.0.1:43858 on port 1883.
1679490386: New client connected from 172.18.0.1:43858 as ufcity_pub_111 (p2, c1, k60).
1679490386: Client ufcity_pub_111 disconnected.
1679490388: New connection from 172.18.0.1:36370 on port 1883.
1679490388: New client connected from 172.18.0.1:36370 as ufcity_pub_111 (p2, c1, k60).
1679490388: Client ufcity_pub_111 disconnected.
1679490390: New connection from 172.18.0.1:36378 on port 1883.
1679490390: New client connected from 172.18.0.1:36378 as ufcity_pub_111 (p2, c1, k60).
1679490390: Client ufcity_pub_111 disconnected.
1679490391: Client ufcity_sub_111 closed its connection.
1679490650: New connection from 172.18.0.1:50862 on port 1883.
1679490650: New client connected from 172.18.0.1:50862 as ufcity_sub_111 (p2, c0, k60).
1679490651: New connection from 172.18.0.1:50868 on port 1883.
1679490651: New client connected from 172.18.0.1:50868 as ufcity_pub_111 (p2, c1, k60).
1679490651: Client ufcity_pub_111 disconnected.
1679490651: New connection from 172.18.0.1:50882 on port 1883.
1679490651: New client connected from 172.18.0.1:50882 as ufcity_pub_111 (p2, c1, k60).
1679490651: Client ufcity_pub_111 disconnected.
1679490651: New connection from 172.18.0.1:50888 on port 1883.
1679490652: New client connected from 172.18.0.1:50888 as ufcity_pub_111 (p2, c1, k60).
1679490652: Client ufcity_pub_111 disconnected.
1679490654: New connection from 172.18.0.1:50904 on port 1883.
1679490654: New client connected from 172.18.0.1:50904 as ufcity_pub_111 (p2, c1, k60).
1679490654: Client ufcity_pub_111 disconnected.
1679490656: New connection from 172.18.0.1:50914 on port 1883.
1679490656: New client connected from 172.18.0.1:50914 as ufcity_pub_111 (p2, c1, k60).
1679490656: Client ufcity_pub_111 disconnected.
1679490658: New connection from 172.18.0.1:56016 on port 1883.
1679490658: New client connected from 172.18.0.1:56016 as ufcity_pub_111 (p2, c1, k60).
1679490658: Client ufcity_pub_111 disconnected.
1679490660: New connection from 172.18.0.1:56024 on port 1883.
1679490660: New client connected from 172.18.0.1:56024 as ufcity_pub_111 (p2, c1, k60).
1679490660: Client ufcity_pub_111 disconnected.
1679490662: New connection from 172.18.0.1:56028 on port 1883.
1679490662: New client connected from 172.18.0.1:56028 as ufcity_pub_111 (p2, c1, k60).
1679490662: Client ufcity_pub_111 disconnected.
1679490664: New connection from 172.18.0.1:56034 on port 1883.
1679490664: New client connected from 172.18.0.1:56034 as ufcity_pub_111 (p2, c1, k60).
1679490664: Client ufcity_pub_111 disconnected.
1679490664: Client ufcity_sub_111 closed its connection.
1679490670: New connection from 172.18.0.1:45608 on port 1883.
1679490670: New client connected from 172.18.0.1:45608 as ufcity_sub_111 (p2, c0, k60).
1679490671: Client ufcity_sub_111 closed its connection.
1679490698: New connection from 172.18.0.1:60744 on port 1883.
1679490698: New client connected from 172.18.0.1:60744 as ufcity_sub_111 (p2, c0, k60).
1679490699: Client ufcity_sub_111 closed its connection.
1679491074: New connection from 172.18.0.1:32834 on port 1883.
1679491074: New client connected from 172.18.0.1:32834 as ufcity_sub_111 (p2, c0, k60).
1679491076: New connection from 172.18.0.1:32844 on port 1883.
1679491077: New client connected from 172.18.0.1:32844 as ufcity_pub_111 (p2, c1, k60).
1679491077: Client ufcity_pub_111 disconnected.
1679491077: New connection from 172.18.0.1:38716 on port 1883.
1679491077: New client connected from 172.18.0.1:38716 as ufcity_pub_111 (p2, c1, k60).
1679491077: Client ufcity_pub_111 disconnected.
1679491077: New connection from 172.18.0.1:38726 on port 1883.
1679491077: New client connected from 172.18.0.1:38726 as ufcity_pub_111 (p2, c1, k60).
1679491077: Client ufcity_pub_111 disconnected.
1679491079: New connection from 172.18.0.1:38734 on port 1883.
1679491079: New client connected from 172.18.0.1:38734 as ufcity_pub_111 (p2, c1, k60).
1679491079: Client ufcity_pub_111 disconnected.
1679491081: New connection from 172.18.0.1:38742 on port 1883.
1679491081: Client <unknown> closed its connection.
1679491081: Client ufcity_sub_111 closed its connection.
1679491088: New connection from 172.18.0.1:43086 on port 1883.
1679491088: New client connected from 172.18.0.1:43086 as ufcity_sub_111 (p2, c0, k60).
1679491090: New connection from 172.18.0.1:43096 on port 1883.
1679491090: New client connected from 172.18.0.1:43096 as ufcity_pub_111 (p2, c1, k60).
1679491090: Client ufcity_pub_111 disconnected.
1679491090: New connection from 172.18.0.1:43098 on port 1883.
1679491090: New client connected from 172.18.0.1:43098 as ufcity_pub_111 (p2, c1, k60).
1679491090: Client ufcity_pub_111 disconnected.
1679491090: New connection from 172.18.0.1:43104 on port 1883.
1679491090: New client connected from 172.18.0.1:43104 as ufcity_pub_111 (p2, c1, k60).
1679491090: Client ufcity_pub_111 disconnected.
1679491092: New connection from 172.18.0.1:43112 on port 1883.
1679491092: New client connected from 172.18.0.1:43112 as ufcity_pub_111 (p2, c1, k60).
1679491092: Client ufcity_pub_111 disconnected.
1679491094: New connection from 172.18.0.1:43114 on port 1883.
1679491094: New client connected from 172.18.0.1:43114 as ufcity_pub_111 (p2, c1, k60).
1679491094: Client ufcity_pub_111 disconnected.
1679491096: New connection from 172.18.0.1:43126 on port 1883.
1679491096: New client connected from 172.18.0.1:43126 as ufcity_pub_111 (p2, c1, k60).
1679491096: Client ufcity_pub_111 disconnected.
1679491098: New connection from 172.18.0.1:34264 on port 1883.
1679491098: New client connected from 172.18.0.1:34264 as ufcity_pub_111 (p2, c1, k60).
1679491098: Client ufcity_pub_111 disconnected.
1679491100: New connection from 172.18.0.1:34280 on port 1883.
1679491100: New client connected from 172.18.0.1:34280 as ufcity_pub_111 (p2, c1, k60).
1679491100: Client ufcity_pub_111 disconnected.
1679491102: New connection from 172.18.0.1:34282 on port 1883.
1679491102: New client connected from 172.18.0.1:34282 as ufcity_pub_111 (p2, c1, k60).
1679491102: Client ufcity_pub_111 disconnected.
1679491104: New connection from 172.18.0.1:34284 on port 1883.
1679491104: New client connected from 172.18.0.1:34284 as ufcity_pub_111 (p2, c1, k60).
1679491104: Client ufcity_pub_111 disconnected.
1679491106: New connection from 172.18.0.1:34294 on port 1883.
1679491106: New client connected from 172.18.0.1:34294 as ufcity_pub_111 (p2, c1, k60).
1679491106: Client ufcity_pub_111 disconnected.
1679491108: New connection from 172.18.0.1:42602 on port 1883.
1679491108: New client connected from 172.18.0.1:42602 as ufcity_pub_111 (p2, c1, k60).
1679491108: Client ufcity_pub_111 disconnected.
1679491110: New connection from 172.18.0.1:42614 on port 1883.
1679491110: New client connected from 172.18.0.1:42614 as ufcity_pub_111 (p2, c1, k60).
1679491110: Client ufcity_pub_111 disconnected.
1679491112: New connection from 172.18.0.1:42624 on port 1883.
1679491112: New client connected from 172.18.0.1:42624 as ufcity_pub_111 (p2, c1, k60).
1679491112: Client ufcity_pub_111 disconnected.
1679491114: New connection from 172.18.0.1:42628 on port 1883.
1679491114: New client connected from 172.18.0.1:42628 as ufcity_pub_111 (p2, c1, k60).
1679491114: Client ufcity_pub_111 disconnected.
1679491116: New connection from 172.18.0.1:42642 on port 1883.
1679491116: New client connected from 172.18.0.1:42642 as ufcity_pub_111 (p2, c1, k60).
1679491116: Client ufcity_pub_111 disconnected.
1679491117: Client ufcity_sub_111 closed its connection.
1679491124: Client auto-9114EECB-FC3C-C8EE-F76F-49F937C144E1 disconnected.
1679491127: New connection from 172.18.0.1:60910 on port 1883.
1679491127: New client connected from 172.18.0.1:60910 as auto-B896E765-2253-5F48-4D41-94201F327993 (p2, c1, k60).
1679491132: New connection from 172.18.0.1:60916 on port 1883.
1679491132: New client connected from 172.18.0.1:60916 as ufcity_sub_111 (p2, c0, k60).
1679491134: New connection from 172.18.0.1:60932 on port 1883.
1679491134: New client connected from 172.18.0.1:60932 as ufcity_pub_111 (p2, c1, k60).
1679491134: Client ufcity_pub_111 disconnected.
1679491134: New connection from 172.18.0.1:60946 on port 1883.
1679491134: New client connected from 172.18.0.1:60946 as ufcity_pub_111 (p2, c1, k60).
1679491134: Client ufcity_pub_111 disconnected.
1679491134: New connection from 172.18.0.1:60962 on port 1883.
1679491135: New client connected from 172.18.0.1:60962 as ufcity_pub_111 (p2, c1, k60).
1679491135: Client ufcity_pub_111 disconnected.
1679491137: New connection from 172.18.0.1:60968 on port 1883.
1679491137: New client connected from 172.18.0.1:60968 as ufcity_pub_111 (p2, c1, k60).
1679491137: Client ufcity_pub_111 disconnected.
1679491139: New connection from 172.18.0.1:44310 on port 1883.
1679491139: New client connected from 172.18.0.1:44310 as ufcity_pub_111 (p2, c1, k60).
1679491139: Client ufcity_pub_111 disconnected.
1679491141: New connection from 172.18.0.1:44322 on port 1883.
1679491141: New client connected from 172.18.0.1:44322 as ufcity_pub_111 (p2, c1, k60).
1679491141: Client ufcity_pub_111 disconnected.
1679491143: New connection from 172.18.0.1:44336 on port 1883.
1679491143: New client connected from 172.18.0.1:44336 as ufcity_pub_111 (p2, c1, k60).
1679491143: Client ufcity_pub_111 disconnected.
1679491143: Client auto-B896E765-2253-5F48-4D41-94201F327993 disconnected.
1679491145: New connection from 172.18.0.1:44352 on port 1883.
1679491145: New client connected from 172.18.0.1:44352 as ufcity_pub_111 (p2, c1, k60).
1679491145: Client ufcity_pub_111 closed its connection.
1679491145: Client ufcity_sub_111 closed its connection.
1679492055: Saving in-memory database to /mosquitto/data//mosquitto.db.
1679492397: New connection from 172.18.0.1:46616 on port 1883.
1679492397: New client connected from 172.18.0.1:46616 as auto-DFA67886-E78F-E0F0-9CE8-D5572D65426D (p2, c1, k60).
1679492401: New connection from 172.18.0.1:46628 on port 1883.
1679492401: New client connected from 172.18.0.1:46628 as ufcity_sub_111 (p2, c0, k60).
1679492403: New connection from 172.18.0.1:46630 on port 1883.
1679492403: New client connected from 172.18.0.1:46630 as ufcity_pub_111 (p2, c1, k60).
1679492403: Client ufcity_pub_111 disconnected.
1679492403: New connection from 172.18.0.1:46646 on port 1883.
1679492404: New client connected from 172.18.0.1:46646 as ufcity_pub_111 (p2, c1, k60).
1679492404: Client ufcity_pub_111 disconnected.
1679492404: New connection from 172.18.0.1:46654 on port 1883.
1679492404: New client connected from 172.18.0.1:46654 as ufcity_pub_111 (p2, c1, k60).
1679492404: Client ufcity_pub_111 disconnected.
1679492406: New connection from 172.18.0.1:46666 on port 1883.
1679492406: New client connected from 172.18.0.1:46666 as ufcity_pub_111 (p2, c1, k60).
1679492406: Client ufcity_pub_111 disconnected.
1679492408: New connection from 172.18.0.1:33520 on port 1883.
1679492408: New client connected from 172.18.0.1:33520 as ufcity_pub_111 (p2, c1, k60).
1679492408: Client ufcity_pub_111 disconnected.
1679492410: New connection from 172.18.0.1:33534 on port 1883.
1679492410: New client connected from 172.18.0.1:33534 as ufcity_pub_111 (p2, c1, k60).
1679492410: Client ufcity_pub_111 disconnected.
1679492412: New connection from 172.18.0.1:33544 on port 1883.
1679492412: New client connected from 172.18.0.1:33544 as ufcity_pub_111 (p2, c1, k60).
1679492412: Client ufcity_pub_111 disconnected.
1679492414: New connection from 172.18.0.1:33550 on port 1883.
1679492414: New client connected from 172.18.0.1:33550 as ufcity_pub_111 (p2, c1, k60).
1679492414: Client ufcity_pub_111 disconnected.
1679492414: Client auto-DFA67886-E78F-E0F0-9CE8-D5572D65426D disconnected.
1679492415: Client ufcity_sub_111 closed its connection.
1679492648: New connection from 172.18.0.1:35920 on port 1883.
1679492648: New client connected from 172.18.0.1:35920 as handler_sub:2023-03-22T10:44:08.259239926 (p2, c1, k60).
1679492648: Client handler_sub:2023-03-22T10:44:08.259239926 disconnected.
1679493109: mosquitto version 2.0.15 terminating
1679493109: Saving in-memory database to /mosquitto/data//mosquitto.db.
1679493111: mosquitto version 2.0.15 starting
1679493111: Config loaded from /mosquitto/config/mosquitto.conf.
1679493111: Opening ipv4 listen socket on port 1883.
1679493111: Opening ipv6 listen socket on port 1883.
1679493111: mosquitto version 2.0.15 running
1679493249: New connection from 172.18.0.1:33836 on port 1883.
1679493249: New client connected from 172.18.0.1:33836 as handler_sub_2023-03-22T10:54:09.857945058 (p2, c1, k60).
1679493249: Client handler_sub_2023-03-22T10:54:09.857945058 disconnected.
1679493266: New connection from 172.18.0.1:56150 on port 1883.
1679493266: New client connected from 172.18.0.1:56150 as auto-738FA2C4-42E3-6A76-8A9D-6495E6247570 (p2, c1, k60).
1679493272: Client auto-738FA2C4-42E3-6A76-8A9D-6495E6247570 disconnected.
1679493306: New connection from 172.18.0.1:57232 on port 1883.
1679493306: New client connected from 172.18.0.1:57232 as handler_sub_2023-03-22T10:55:06.320572105 (p2, c1, k60).
1679493306: Client handler_sub_2023-03-22T10:55:06.320572105 disconnected.
1679493319: New connection from 172.18.0.1:33050 on port 1883.
1679493319: New client connected from 172.18.0.1:33050 as handler_sub_2023-03-22T10:55:19.467896428 (p2, c1, k60).
1679493319: Client handler_sub_2023-03-22T10:55:19.467896428 disconnected.
1679493373: New connection from 172.18.0.1:33906 on port 1883.
1679493373: New client connected from 172.18.0.1:33906 as handler_sub_2023-03-22T10:56:13.221135794 (p2, c1, k60).
1679493373: Client handler_sub_2023-03-22T10:56:13.221135794 disconnected.
1679493394: New connection from 172.18.0.1:35732 on port 1883.
1679493394: New client connected from 172.18.0.1:35732 as auto-0A653127-2674-A1B3-0C80-0A0CE7F0AB1E (p2, c1, k60).
1679493394: Client auto-0A653127-2674-A1B3-0C80-0A0CE7F0AB1E disconnected.
1679494912: Saving in-memory database to /mosquitto/data//mosquitto.db.
1679496713: Saving in-memory database to /mosquitto/data//mosquitto.db.
1679498514: Saving in-memory database to /mosquitto/data//mosquitto.db.
1679500315: Saving in-memory database to /mosquitto/data//mosquitto.db.
1679502116: Saving in-memory database to /mosquitto/data//mosquitto.db.
1679503917: Saving in-memory database to /mosquitto/data//mosquitto.db.
1679505576: New connection from 172.18.0.1:46992 on port 1883.
1679505576: New client connected from 172.18.0.1:46992 as handler_sub_2023-03-22T14:19:36.732953492 (p2, c1, k60).
1679505576: Client handler_sub_2023-03-22T14:19:36.732953492 disconnected.
1679505718: Saving in-memory database to /mosquitto/data//mosquitto.db.
1679507519: Saving in-memory database to /mosquitto/data//mosquitto.db.
1679507825: New connection from 172.18.0.1:59748 on port 1883.
1679507825: New client connected from 172.18.0.1:59748 as handler_sub_2023-03-22T14:57:05.263664074 (p2, c1, k60).
1679507825: Client handler_sub_2023-03-22T14:57:05.263664074 disconnected.
1679507832: New connection from 172.18.0.1:41262 on port 1883.
1679507832: New client connected from 172.18.0.1:41262 as auto-C80F4439-C15B-1202-5B69-B933CA64ED1E (p2, c1, k60).
1679507832: Client auto-C80F4439-C15B-1202-5B69-B933CA64ED1E disconnected.
1679507871: New connection from 172.18.0.1:45148 on port 1883.
1679507871: New client connected from 172.18.0.1:45148 as auto-401AA048-C0BC-159A-CDD9-158B3A8E5DF8 (p2, c1, k60).
1679507871: Client auto-401AA048-C0BC-159A-CDD9-158B3A8E5DF8 disconnected.
1679508062: New connection from 172.18.0.1:35716 on port 1883.
1679508062: New client connected from 172.18.0.1:35716 as handler_sub_2023-03-22T15:01:02.335760662 (p2, c1, k60).
1679508062: Client handler_sub_2023-03-22T15:01:02.335760662 disconnected.
1679508071: New connection from 172.18.0.1:38364 on port 1883.
1679508071: New client connected from 172.18.0.1:38364 as auto-56542035-6D93-713C-D419-D8F7EDA19DAD (p2, c1, k60).
1679508071: Client auto-56542035-6D93-713C-D419-D8F7EDA19DAD disconnected.
1679508119: New connection from 172.18.0.1:37540 on port 1883.
1679508119: New client connected from 172.18.0.1:37540 as handler_sub_2023-03-22T15:01:59.624615917 (p2, c1, k60).
1679508119: Client handler_sub_2023-03-22T15:01:59.624615917 disconnected.
1679508124: New connection from 172.18.0.1:37542 on port 1883.
1679508124: New client connected from 172.18.0.1:37542 as auto-E62645F3-04F7-FD4A-D98E-52412E7D6ACD (p2, c1, k60).
1679508124: Client auto-E62645F3-04F7-FD4A-D98E-52412E7D6ACD disconnected.
1679508182: New connection from 172.18.0.1:52298 on port 1883.
1679508182: New client connected from 172.18.0.1:52298 as handler_sub_2023-03-22T15:03:02.553013310 (p2, c1, k60).
1679508182: Client handler_sub_2023-03-22T15:03:02.553013310 disconnected.
1679508187: New connection from 172.18.0.1:46802 on port 1883.
1679508187: New client connected from 172.18.0.1:46802 as auto-FDA2EADB-4F5E-782F-41F6-1FD67BBECB50 (p2, c1, k60).
1679508187: Client auto-FDA2EADB-4F5E-782F-41F6-1FD67BBECB50 disconnected.
1679508197: New connection from 172.18.0.1:42304 on port 1883.
1679508197: New client connected from 172.18.0.1:42304 as handler_sub_2023-03-22T15:03:17.372930559 (p2, c1, k60).
1679508197: Client handler_sub_2023-03-22T15:03:17.372930559 disconnected.
1679508204: New connection from 172.18.0.1:42312 on port 1883.
1679508204: New client connected from 172.18.0.1:42312 as auto-50F424B7-F029-E811-710A-D4DD25447EFF (p2, c1, k60).
1679508204: Client auto-50F424B7-F029-E811-710A-D4DD25447EFF disconnected.
1679508374: New connection from 172.18.0.1:34426 on port 1883.
1679508374: New client connected from 172.18.0.1:34426 as handler_sub_2023-03-22T15:06:14.501826543 (p2, c1, k60).
1679508374: Client handler_sub_2023-03-22T15:06:14.501826543 disconnected.
1679508387: New connection from 172.18.0.1:35146 on port 1883.
1679508387: New client connected from 172.18.0.1:35146 as handler_sub_2023-03-22T15:06:26.943670149 (p2, c1, k60).
1679508387: Client handler_sub_2023-03-22T15:06:26.943670149 disconnected.
1679508527: New connection from 172.18.0.1:49648 on port 1883.
1679508527: New client connected from 172.18.0.1:49648 as handler_sub_2023-03-22T15:08:47.238686567 (p2, c1, k60).
1679508527: Client handler_sub_2023-03-22T15:08:47.238686567 disconnected.
1679508532: New connection from 172.18.0.1:49658 on port 1883.
1679508532: New client connected from 172.18.0.1:49658 as auto-2C106F96-C9EE-AA52-A9CC-DA2624A2510C (p2, c1, k60).
1679508532: Client auto-2C106F96-C9EE-AA52-A9CC-DA2624A2510C disconnected.
1679508597: New connection from 172.18.0.1:55102 on port 1883.
1679508597: New client connected from 172.18.0.1:55102 as handler_sub_2023-03-22T15:09:57.448663642 (p2, c1, k60).
1679508597: Client handler_sub_2023-03-22T15:09:57.448663642 disconnected.
1679508602: New connection from 172.18.0.1:55106 on port 1883.
1679508602: New client connected from 172.18.0.1:55106 as auto-95B5CF8E-5D42-3063-91B5-51A6E5D9F76C (p2, c1, k60).
1679508602: Client auto-95B5CF8E-5D42-3063-91B5-51A6E5D9F76C disconnected.
1679508666: New connection from 172.18.0.1:35422 on port 1883.
1679508666: New client connected from 172.18.0.1:35422 as handler_sub_2023-03-22T15:11:06.699461682 (p2, c1, k60).
1679508666: Client handler_sub_2023-03-22T15:11:06.699461682 disconnected.
1679508759: New connection from 172.18.0.1:48914 on port 1883.
1679508759: New client connected from 172.18.0.1:48914 as handler_sub_2023-03-22T15:12:39.134882294 (p2, c1, k60).
1679508759: Client handler_sub_2023-03-22T15:12:39.134882294 disconnected.
1679508946: New connection from 172.18.0.1:39738 on port 1883.
1679508946: New client connected from 172.18.0.1:39738 as handler_sub_2023-03-22T15:15:46.618129179 (p2, c1, k60).
1679508946: Client handler_sub_2023-03-22T15:15:46.618129179 disconnected.
1679508961: New connection from 172.18.0.1:32794 on port 1883.
1679508961: New client connected from 172.18.0.1:32794 as auto-F1C12B6E-1330-4333-0598-049D21C0B4E3 (p2, c1, k60).
1679508961: Client auto-F1C12B6E-1330-4333-0598-049D21C0B4E3 disconnected.
1679508988: New connection from 172.18.0.1:42800 on port 1883.
1679508988: New client connected from 172.18.0.1:42800 as handler_sub_2023-03-22T15:16:28.118454652 (p2, c1, k60).
1679508988: Client handler_sub_2023-03-22T15:16:28.118454652 disconnected.
1679508990: New connection from 172.18.0.1:42816 on port 1883.
1679508990: New client connected from 172.18.0.1:42816 as auto-C1300E34-9803-CB46-0D63-0607E7019126 (p2, c1, k60).
1679508990: Client auto-C1300E34-9803-CB46-0D63-0607E7019126 disconnected.
1679509154: New connection from 172.18.0.1:42200 on port 1883.
1679509154: New client connected from 172.18.0.1:42200 as handler_sub_2023-03-22T15:19:14.757644481 (p2, c1, k60).
1679509154: Client handler_sub_2023-03-22T15:19:14.757644481 disconnected.
1679509157: New connection from 172.18.0.1:50330 on port 1883.
1679509157: New client connected from 172.18.0.1:50330 as auto-65804097-7AA5-D643-1A09-11E63CEAF070 (p2, c1, k60).
1679509157: Client auto-65804097-7AA5-D643-1A09-11E63CEAF070 disconnected.
1679509200: New connection from 172.18.0.1:51324 on port 1883.
1679509200: New client connected from 172.18.0.1:51324 as handler_sub_2023-03-22T15:20:00.701924165 (p2, c1, k60).
1679509200: Client handler_sub_2023-03-22T15:20:00.701924165 disconnected.
1679509320: Saving in-memory database to /mosquitto/data//mosquitto.db.
1679510301: New connection from 172.18.0.1:37944 on port 1883.
1679510301: New client connected from 172.18.0.1:37944 as HelloWorldSub (p2, c1, k60).
1679510315: New connection from 172.18.0.1:36540 on port 1883.
1679510315: New client connected from 172.18.0.1:36540 as auto-1B7C88D7-BDD6-995B-C242-A8D9C2EC7400 (p2, c1, k60).
1679510315: Client auto-1B7C88D7-BDD6-995B-C242-A8D9C2EC7400 disconnected.
1679510383: Client HelloWorldSub closed its connection.
1679510388: New connection from 172.18.0.1:52898 on port 1883.
1679510388: New client connected from 172.18.0.1:52898 as HelloWorldSub (p2, c1, k60).
1679510391: New connection from 172.18.0.1:52906 on port 1883.
1679510391: New client connected from 172.18.0.1:52906 as auto-40C214C0-47F8-C22B-2D05-9713C61D16CF (p2, c1, k60).
1679510391: Client auto-40C214C0-47F8-C22B-2D05-9713C61D16CF disconnected.
1679510522: Client HelloWorldSub closed its connection.
1679510527: New connection from 172.18.0.1:53804 on port 1883.
1679510527: New client connected from 172.18.0.1:53804 as handler_sub_2023-03-22T15:42:07.876507110 (p2, c1, k60).
1679510527: Client handler_sub_2023-03-22T15:42:07.876507110 disconnected.
1679510533: New connection from 172.18.0.1:53810 on port 1883.
1679510533: New client connected from 172.18.0.1:53810 as auto-D7BA79D6-88E1-6AB6-94CD-1DB865342FAC (p2, c1, k60).
1679510533: Client auto-D7BA79D6-88E1-6AB6-94CD-1DB865342FAC disconnected.
1679510659: New connection from 172.18.0.1:34564 on port 1883.
1679510659: New client connected from 172.18.0.1:34564 as handler_sub_2023-03-22T15:44:19.392905288 (p2, c1, k60).
1679510659: Client handler_sub_2023-03-22T15:44:19.392905288 disconnected.
1679510663: New connection from 172.18.0.1:34574 on port 1883.
1679510663: New client connected from 172.18.0.1:34574 as auto-EED41D54-AF86-35F9-A8E8-28D855BF139E (p2, c1, k60).
1679510663: Client auto-EED41D54-AF86-35F9-A8E8-28D855BF139E disconnected.
1679510781: New connection from 172.18.0.1:50502 on port 1883.
1679510781: New client connected from 172.18.0.1:50502 as handler_sub_2023-03-22T15:46:21.234061900 (p2, c1, k60).
1679510781: Client handler_sub_2023-03-22T15:46:21.234061900 disconnected.
1679510784: New connection from 172.18.0.1:50504 on port 1883.
1679510784: New client connected from 172.18.0.1:50504 as auto-C197905F-ED24-3A6B-9F2A-7CBC825DB273 (p2, c1, k60).
1679510784: Client auto-C197905F-ED24-3A6B-9F2A-7CBC825DB273 disconnected.
1679510968: New connection from 172.18.0.1:54452 on port 1883.
1679510968: New client connected from 172.18.0.1:54452 as HelloWorldSub (p2, c1, k60).
1679510971: New connection from 172.18.0.1:54462 on port 1883.
1679510971: New client connected from 172.18.0.1:54462 as auto-A9C9539D-FC66-1665-5023-D5CD2EF30BD2 (p2, c1, k60).
1679510971: Client auto-A9C9539D-FC66-1665-5023-D5CD2EF30BD2 disconnected.
1679511121: Saving in-memory database to /mosquitto/data//mosquitto.db.
1679511820: Client HelloWorldSub closed its connection.
1679511826: New connection from 172.18.0.1:60704 on port 1883.
1679511826: New client connected from 172.18.0.1:60704 as handler_sub_2023-03-22T16:03:46.869477163 (p2, c1, k60).
1679511826: Client handler_sub_2023-03-22T16:03:46.869477163 disconnected.
1679511830: New connection from 172.18.0.1:58882 on port 1883.
1679511830: New client connected from 172.18.0.1:58882 as auto-C34E6AD5-7D59-C89D-E217-9361A5D0688C (p2, c1, k60).
1679511830: Client auto-C34E6AD5-7D59-C89D-E217-9361A5D0688C disconnected.
1679511901: New connection from 172.18.0.1:44522 on port 1883.
1679511901: New client connected from 172.18.0.1:44522 as handler_sub_2023-03-22T16:05:01.726157667 (p2, c1, k60).
1679511903: New connection from 172.18.0.1:44536 on port 1883.
1679511903: New client connected from 172.18.0.1:44536 as auto-1277D44C-D594-2C21-F559-EC5391FD6CF0 (p2, c1, k60).
1679511903: Client auto-1277D44C-D594-2C21-F559-EC5391FD6CF0 disconnected.
1679512662: Client handler_sub_2023-03-22T16:05:01.726157667 closed its connection.
1679512667: New connection from 172.18.0.1:47360 on port 1883.
1679512667: New client connected from 172.18.0.1:47360 as handler_sub_2023-03-22T16:17:47.225889526 (p2, c1, k60).
1679512670: New connection from 172.18.0.1:47366 on port 1883.
1679512670: New client connected from 172.18.0.1:47366 as auto-E07E694E-8B39-F65D-EA9C-643637DE34B9 (p2, c1, k60).
1679512670: Client auto-E07E694E-8B39-F65D-EA9C-643637DE34B9 disconnected.
1679512922: Saving in-memory database to /mosquitto/data//mosquitto.db.
1679512927: Client handler_sub_2023-03-22T16:17:47.225889526 closed its connection.
1679512931: New connection from 172.18.0.1:55328 on port 1883.
1679512931: New client connected from 172.18.0.1:55328 as handler_sub_2023-03-22T16:22:11.824108882 (p2, c1, k60).
1679512937: New connection from 172.18.0.1:55344 on port 1883.
1679512937: New client connected from 172.18.0.1:55344 as auto-389C801C-AA2A-1248-1B3E-589BF43D97A0 (p2, c1, k60).
1679512937: Client auto-389C801C-AA2A-1248-1B3E-589BF43D97A0 disconnected.
1679512939: New connection from 172.18.0.1:35304 on port 1883.
1679512939: New client connected from 172.18.0.1:35304 as auto-5DE165A7-1E9A-79FE-F6CF-350CF8C3C0DC (p2, c1, k60).
1679512939: Client auto-5DE165A7-1E9A-79FE-F6CF-350CF8C3C0DC disconnected.
1679512943: New connection from 172.18.0.1:35320 on port 1883.
1679512943: New client connected from 172.18.0.1:35320 as auto-07793DFD-2615-0A10-30BB-76DA3EE10B95 (p2, c1, k60).
1679512943: Client auto-07793DFD-2615-0A10-30BB-76DA3EE10B95 disconnected.
1679513740: Client handler_sub_2023-03-22T16:22:11.824108882 closed its connection.
1679513888: New connection from 172.18.0.1:55334 on port 1883.
1679513888: New client connected from 172.18.0.1:55334 as handler_sub_2023-03-22T16:38:08.327467822 (p2, c1, k60).
1679513913: New connection from 172.18.0.1:45470 on port 1883.
1679513913: New client connected from 172.18.0.1:45470 as auto-6827145B-DD3A-3594-24B8-01DD29D212FE (p2, c1, k60).
1679513913: Client auto-6827145B-DD3A-3594-24B8-01DD29D212FE disconnected.
1679513921: New connection from 172.18.0.1:46278 on port 1883.
1679513921: New client connected from 172.18.0.1:46278 as auto-D1586AE6-1687-7E1A-929A-B5F15317192D (p2, c1, k60).
1679513921: Client auto-D1586AE6-1687-7E1A-929A-B5F15317192D disconnected.
1679514149: Client handler_sub_2023-03-22T16:38:08.327467822 closed its connection.
1679514154: New connection from 172.18.0.1:59854 on port 1883.
1679514154: New client connected from 172.18.0.1:59854 as handler_sub_2023-03-22T16:42:34.485643400 (p2, c1, k60).
1679514164: New connection from 172.18.0.1:32786 on port 1883.
1679514164: New client connected from 172.18.0.1:32786 as auto-08108727-9DB7-1220-6A95-50E6C68C3963 (p2, c1, k60).
1679514164: Client auto-08108727-9DB7-1220-6A95-50E6C68C3963 disconnected.
1679514723: Saving in-memory database to /mosquitto/data//mosquitto.db.
1679516524: Saving in-memory database to /mosquitto/data//mosquitto.db.
1679518325: Saving in-memory database to /mosquitto/data//mosquitto.db.
1679520126: Saving in-memory database to /mosquitto/data//mosquitto.db.
1679521927: Saving in-memory database to /mosquitto/data//mosquitto.db.
1679523728: Saving in-memory database to /mosquitto/data//mosquitto.db.
1679525529: Saving in-memory database to /mosquitto/data//mosquitto.db.
1679527330: Saving in-memory database to /mosquitto/data//mosquitto.db.
1679529131: Saving in-memory database to /mosquitto/data//mosquitto.db.
1679530932: Saving in-memory database to /mosquitto/data//mosquitto.db.
1679532733: Saving in-memory database to /mosquitto/data//mosquitto.db.
1679534534: Saving in-memory database to /mosquitto/data//mosquitto.db.
1679536112: Client handler_sub_2023-03-22T16:42:34.485643400 closed its connection.
1679536121: New connection from 172.18.0.1:34532 on port 1883.
1679536121: New client connected from 172.18.0.1:34532 as handler_sub_2023-03-22T22:48:41.401971578 (p2, c1, k60).
1679536138: New connection from 172.18.0.1:48342 on port 1883.
1679536138: New client connected from 172.18.0.1:48342 as auto-84ECD130-E6E2-255A-5C29-13BAA733894F (p2, c1, k60).
1679536138: Client auto-84ECD130-E6E2-255A-5C29-13BAA733894F disconnected.
1679536139: Client handler_sub_2023-03-22T22:48:41.401971578 closed its connection.
1679536146: New connection from 172.18.0.1:48350 on port 1883.
1679536146: New client connected from 172.18.0.1:48350 as auto-D10FCB6F-0B24-AD95-72D8-16296887B38E (p2, c1, k60).
1679536146: Client auto-D10FCB6F-0B24-AD95-72D8-16296887B38E disconnected.
1679536289: New connection from 172.18.0.1:39138 on port 1883.
1679536289: New client connected from 172.18.0.1:39138 as handler_sub_2023-03-22T22:51:29.510340452 (p2, c1, k60).
1679536301: New connection from 172.18.0.1:49062 on port 1883.
1679536301: New client connected from 172.18.0.1:49062 as auto-27936BE1-B410-9C2D-EC31-32A8DFC255B0 (p2, c1, k60).
1679536301: Client auto-27936BE1-B410-9C2D-EC31-32A8DFC255B0 disconnected.
1679536301: Client handler_sub_2023-03-22T22:51:29.510340452 closed its connection.
1679536335: Saving in-memory database to /mosquitto/data//mosquitto.db.
1679536340: New connection from 172.18.0.1:40926 on port 1883.
1679536340: New client connected from 172.18.0.1:40926 as handler_sub_2023-03-22T22:52:19.952169854 (p2, c1, k60).
1679536343: New connection from 172.18.0.1:40930 on port 1883.
1679536343: New client connected from 172.18.0.1:40930 as auto-E17FB918-F2BF-AFAA-0810-8294DFE03F91 (p2, c1, k60).
1679536343: Client auto-E17FB918-F2BF-AFAA-0810-8294DFE03F91 disconnected.
1679536343: Client handler_sub_2023-03-22T22:52:19.952169854 closed its connection.
1679536433: New connection from 172.18.0.1:54080 on port 1883.
1679536433: New client connected from 172.18.0.1:54080 as handler_sub_2023-03-22T22:53:53.336473072 (p2, c1, k60).
1679536447: New connection from 172.18.0.1:38428 on port 1883.
1679536447: New client connected from 172.18.0.1:38428 as auto-DB924951-396D-C93D-2898-FACAD01CD283 (p2, c1, k60).
1679536447: Client auto-DB924951-396D-C93D-2898-FACAD01CD283 disconnected.
1679536845: Client handler_sub_2023-03-22T22:53:53.336473072 closed its connection.
1679536851: New connection from 172.18.0.1:50462 on port 1883.
1679536851: New client connected from 172.18.0.1:50462 as handler_sub_2023-03-22T23:00:51.046438506 (p2, c1, k60).
1679536855: New connection from 172.18.0.1:50464 on port 1883.
1679536855: New client connected from 172.18.0.1:50464 as auto-474847AD-AE6E-79B4-E58C-410D5D4C447F (p2, c1, k60).
1679536855: Client auto-474847AD-AE6E-79B4-E58C-410D5D4C447F disconnected.
1679537073: Client handler_sub_2023-03-22T23:00:51.046438506 closed its connection.
1679537094: New connection from 172.18.0.1:51840 on port 1883.
1679537094: New client connected from 172.18.0.1:51840 as handler_sub_2023-03-22T23:04:54.624114709 (p2, c1, k60).
1679537097: New connection from 172.18.0.1:58450 on port 1883.
1679537097: New client connected from 172.18.0.1:58450 as auto-56C992DF-D53C-70CE-2186-9777A92B8ED0 (p2, c1, k60).
1679537097: Client auto-56C992DF-D53C-70CE-2186-9777A92B8ED0 disconnected.
1679537858: Client handler_sub_2023-03-22T23:04:54.624114709 closed its connection.
1679537863: New connection from 172.18.0.1:44450 on port 1883.
1679537863: New client connected from 172.18.0.1:44450 as handler_sub_2023-03-22T23:17:42.944938357 (p2, c1, k60).
1679537867: New connection from 172.18.0.1:48390 on port 1883.
1679537867: New client connected from 172.18.0.1:48390 as auto-11619DEC-1924-C767-B9FF-A86B31A9A54F (p2, c1, k60).
1679537867: Client auto-11619DEC-1924-C767-B9FF-A86B31A9A54F disconnected.
1679537932: Client handler_sub_2023-03-22T23:17:42.944938357 closed its connection.
1679537936: New connection from 172.18.0.1:53028 on port 1883.
1679537936: New client connected from 172.18.0.1:53028 as handler_sub_2023-03-22T23:18:56.622615889 (p2, c1, k60).
1679537940: New connection from 172.18.0.1:41108 on port 1883.
1679537940: New client connected from 172.18.0.1:41108 as auto-C7B545BB-AE31-92F2-B1E4-2B23534FAC66 (p2, c1, k60).
1679537940: Client auto-C7B545BB-AE31-92F2-B1E4-2B23534FAC66 disconnected.
1679538117: Client handler_sub_2023-03-22T23:18:56.622615889 closed its connection.
1679538136: Saving in-memory database to /mosquitto/data//mosquitto.db.
1679538457: New connection from 172.18.0.1:37942 on port 1883.
1679538457: New client connected from 172.18.0.1:37942 as handler_sub_2023-03-22T23:27:37.397228687 (p2, c1, k60).
1679538464: New connection from 172.18.0.1:37948 on port 1883.
1679538464: New client connected from 172.18.0.1:37948 as auto-97E090C9-327C-F475-604E-893E62591BB3 (p2, c1, k60).
1679538464: Client auto-97E090C9-327C-F475-604E-893E62591BB3 disconnected.
1679538576: Client handler_sub_2023-03-22T23:27:37.397228687 closed its connection.
1679538601: New connection from 172.18.0.1:50586 on port 1883.
1679538601: New client connected from 172.18.0.1:50586 as handler_sub_2023-03-22T23:30:01.778810892 (p2, c1, k60).
1679538605: New connection from 172.18.0.1:50600 on port 1883.
1679538605: New client connected from 172.18.0.1:50600 as auto-7C1AECF3-127D-C316-54AF-50F23A5B0E00 (p2, c1, k60).
1679538605: Client auto-7C1AECF3-127D-C316-54AF-50F23A5B0E00 disconnected.
1679538690: Client handler_sub_2023-03-22T23:30:01.778810892 closed its connection.
1679538692: New connection from 172.18.0.1:48144 on port 1883.
1679538692: New client connected from 172.18.0.1:48144 as handler_sub_2023-03-22T23:31:32.460282950 (p2, c1, k60).
1679538696: New connection from 172.18.0.1:48160 on port 1883.
1679538696: New client connected from 172.18.0.1:48160 as auto-D95759AE-258F-DD0D-D124-8DD40DAAA0EC (p2, c1, k60).
1679538696: Client auto-D95759AE-258F-DD0D-D124-8DD40DAAA0EC disconnected.
1679538801: Client handler_sub_2023-03-22T23:31:32.460282950 closed its connection.
1679538802: New connection from 172.18.0.1:47618 on port 1883.
1679538802: New client connected from 172.18.0.1:47618 as handler_sub_2023-03-22T23:33:22.351844622 (p2, c1, k60).
1679538806: New connection from 172.18.0.1:47626 on port 1883.
1679538806: New client connected from 172.18.0.1:47626 as auto-CF05FF99-E81C-5EB4-62D8-DC4F907D1F10 (p2, c1, k60).
1679538806: Client auto-CF05FF99-E81C-5EB4-62D8-DC4F907D1F10 disconnected.
1679539012: Client handler_sub_2023-03-22T23:33:22.351844622 closed its connection.
1679539017: New connection from 172.18.0.1:40974 on port 1883.
1679539017: New client connected from 172.18.0.1:40974 as handler_sub_2023-03-22T23:36:57.541903015 (p2, c1, k60).
1679539020: New connection from 172.18.0.1:40982 on port 1883.
1679539020: New client connected from 172.18.0.1:40982 as auto-48AA9A28-B791-5A28-6B60-2A57447BD4D1 (p2, c1, k60).
1679539020: Client auto-48AA9A28-B791-5A28-6B60-2A57447BD4D1 disconnected.
1679539937: Saving in-memory database to /mosquitto/data//mosquitto.db.
1679541326: Client handler_sub_2023-03-22T23:36:57.541903015 closed its connection.
1679541738: Saving in-memory database to /mosquitto/data//mosquitto.db.
1679543539: Saving in-memory database to /mosquitto/data//mosquitto.db.
1679545340: Saving in-memory database to /mosquitto/data//mosquitto.db.
1679547141: Saving in-memory database to /mosquitto/data//mosquitto.db.
1679548942: Saving in-memory database to /mosquitto/data//mosquitto.db.
1679550743: Saving in-memory database to /mosquitto/data//mosquitto.db.
1679552544: Saving in-memory database to /mosquitto/data//mosquitto.db.
1679554345: Saving in-memory database to /mosquitto/data//mosquitto.db.
1679556146: Saving in-memory database to /mosquitto/data//mosquitto.db.
1679557947: Saving in-memory database to /mosquitto/data//mosquitto.db.
1679559748: Saving in-memory database to /mosquitto/data//mosquitto.db.
1679561549: Saving in-memory database to /mosquitto/data//mosquitto.db.
1679563350: Saving in-memory database to /mosquitto/data//mosquitto.db.
1679569142: Saving in-memory database to /mosquitto/data//mosquitto.db.
1679570944: Saving in-memory database to /mosquitto/data//mosquitto.db.
1679572745: Saving in-memory database to /mosquitto/data//mosquitto.db.
1679574131: New connection from 172.18.0.1:59394 on port 1883.
1679574131: New client connected from 172.18.0.1:59394 as ufcity_pub_111 (p2, c1, k60).
1679574131: Client ufcity_pub_111 disconnected.
1679574131: New connection from 172.18.0.1:59400 on port 1883.
1679574131: New client connected from 172.18.0.1:59400 as ufcity_sub_111 (p2, c0, k60).
1679574133: New connection from 172.18.0.1:59404 on port 1883.
1679574134: New client connected from 172.18.0.1:59404 as ufcity_pub_111 (p2, c1, k60).
1679574134: Client ufcity_pub_111 disconnected.
1679574134: New connection from 172.18.0.1:59410 on port 1883.
1679574134: New client connected from 172.18.0.1:59410 as ufcity_pub_111 (p2, c1, k60).
1679574134: Client ufcity_pub_111 disconnected.
1679574134: New connection from 172.18.0.1:59418 on port 1883.
1679574134: New client connected from 172.18.0.1:59418 as ufcity_pub_111 (p2, c1, k60).
1679574134: Client ufcity_pub_111 disconnected.
1679574136: New connection from 172.18.0.1:59424 on port 1883.
1679574136: New client connected from 172.18.0.1:59424 as ufcity_pub_111 (p2, c1, k60).
1679574136: Client ufcity_pub_111 disconnected.
1679574138: New connection from 172.18.0.1:59426 on port 1883.
1679574138: New client connected from 172.18.0.1:59426 as ufcity_pub_111 (p2, c1, k60).
1679574138: Client ufcity_pub_111 disconnected.
1679574140: New connection from 172.18.0.1:45384 on port 1883.
1679574140: New client connected from 172.18.0.1:45384 as ufcity_pub_111 (p2, c1, k60).
1679574140: Client ufcity_pub_111 disconnected.
1679574142: New connection from 172.18.0.1:45386 on port 1883.
1679574142: New client connected from 172.18.0.1:45386 as ufcity_pub_111 (p2, c1, k60).
1679574142: Client ufcity_pub_111 disconnected.
1679574143: Client ufcity_sub_111 closed its connection.
1679574156: New connection from 172.18.0.1:56918 on port 1883.
1679574156: New client connected from 172.18.0.1:56918 as auto-E7E2CCDD-85A6-3226-5CEE-A44E195155FB (p2, c1, k60).
1679574160: New connection from 172.18.0.1:38928 on port 1883.
1679574160: New client connected from 172.18.0.1:38928 as ufcity_pub_111 (p2, c1, k60).
1679574160: Client ufcity_pub_111 disconnected.
1679574160: New connection from 172.18.0.1:38938 on port 1883.
1679574160: New client connected from 172.18.0.1:38938 as ufcity_sub_111 (p2, c0, k60).
1679574162: New connection from 172.18.0.1:38952 on port 1883.
1679574162: New client connected from 172.18.0.1:38952 as ufcity_pub_111 (p2, c1, k60).
1679574162: Client ufcity_pub_111 disconnected.
1679574162: New connection from 172.18.0.1:38962 on port 1883.
1679574162: New client connected from 172.18.0.1:38962 as ufcity_pub_111 (p2, c1, k60).
1679574162: Client ufcity_pub_111 disconnected.
1679574162: New connection from 172.18.0.1:38966 on port 1883.
1679574162: New client connected from 172.18.0.1:38966 as ufcity_pub_111 (p2, c1, k60).
1679574162: Client ufcity_pub_111 disconnected.
1679574164: New connection from 172.18.0.1:38968 on port 1883.
1679574164: New client connected from 172.18.0.1:38968 as ufcity_pub_111 (p2, c1, k60).
1679574164: Client ufcity_pub_111 disconnected.
1679574166: New connection from 172.18.0.1:38984 on port 1883.
1679574166: New client connected from 172.18.0.1:38984 as ufcity_pub_111 (p2, c1, k60).
1679574166: Client ufcity_pub_111 disconnected.
1679574168: New connection from 172.18.0.1:38986 on port 1883.
1679574168: New client connected from 172.18.0.1:38986 as ufcity_pub_111 (p2, c1, k60).
1679574168: Client ufcity_pub_111 disconnected.
1679574170: New connection from 172.18.0.1:51204 on port 1883.
1679574170: New client connected from 172.18.0.1:51204 as ufcity_pub_111 (p2, c1, k60).
1679574170: Client ufcity_pub_111 disconnected.
1679574171: Client ufcity_sub_111 closed its connection.
1679574546: Saving in-memory database to /mosquitto/data//mosquitto.db.
1679576347: Saving in-memory database to /mosquitto/data//mosquitto.db.
1679578148: Saving in-memory database to /mosquitto/data//mosquitto.db.
1679592273: Saving in-memory database to /mosquitto/data//mosquitto.db.
1679594074: Saving in-memory database to /mosquitto/data//mosquitto.db.
1679595876: Saving in-memory database to /mosquitto/data//mosquitto.db.
1679597677: Saving in-memory database to /mosquitto/data//mosquitto.db.
1679599478: Saving in-memory database to /mosquitto/data//mosquitto.db.
1679600671: mosquitto version 2.0.15 terminating
1679600671: Saving in-memory database to /mosquitto/data//mosquitto.db.
1679600674: mosquitto version 2.0.15 starting
1679600674: Config loaded from /mosquitto/config/mosquitto.conf.
1679600674: Opening ipv4 listen socket on port 1883.
1679600674: Opening ipv6 listen socket on port 1883.
1679600674: mosquitto version 2.0.15 running
1679600675: New connection from 172.18.0.1:41372 on port 1883.
1679600675: New client connected from 172.18.0.1:41372 as auto-52BF1791-6F10-7CC4-ED98-77BDCC9C390A (p2, c1, k60).
1679602288: mosquitto version 2.0.15 starting
1679602288: Config loaded from /mosquitto/config/mosquitto.conf.
1679602288: Opening ipv4 listen socket on port 1883.
1679602288: Opening ipv6 listen socket on port 1883.
1679602288: mosquitto version 2.0.15 running
1679603730: mosquitto version 2.0.15 terminating
1679603730: Saving in-memory database to /mosquitto/data//mosquitto.db.
1679604201: mosquitto version 2.0.15 starting
1679604201: Config loaded from /mosquitto/config/mosquitto.conf.
1679604201: Opening ipv4 listen socket on port 1883.
1679604201: Opening ipv6 listen socket on port 1883.
1679604201: mosquitto version 2.0.15 running
1679606002: Saving in-memory database to /mosquitto/data//mosquitto.db.
1679607803: Saving in-memory database to /mosquitto/data//mosquitto.db.
1679609604: Saving in-memory database to /mosquitto/data//mosquitto.db.
1679611405: Saving in-memory database to /mosquitto/data//mosquitto.db.
1679613206: Saving in-memory database to /mosquitto/data//mosquitto.db.
1679615007: Saving in-memory database to /mosquitto/data//mosquitto.db.
1679616808: Saving in-memory database to /mosquitto/data//mosquitto.db.
1679618609: Saving in-memory database to /mosquitto/data//mosquitto.db.
1679620410: Saving in-memory database to /mosquitto/data//mosquitto.db.
1679622211: Saving in-memory database to /mosquitto/data//mosquitto.db.
1679624012: Saving in-memory database to /mosquitto/data//mosquitto.db.
1679625813: Saving in-memory database to /mosquitto/data//mosquitto.db.
1679627614: Saving in-memory database to /mosquitto/data//mosquitto.db.
1679629415: Saving in-memory database to /mosquitto/data//mosquitto.db.
1679631216: Saving in-memory database to /mosquitto/data//mosquitto.db.
1679633017: Saving in-memory database to /mosquitto/data//mosquitto.db.
1679634818: Saving in-memory database to /mosquitto/data//mosquitto.db.
1679636619: Saving in-memory database to /mosquitto/data//mosquitto.db.
1679638420: Saving in-memory database to /mosquitto/data//mosquitto.db.
1679640221: Saving in-memory database to /mosquitto/data//mosquitto.db.
1679642022: Saving in-memory database to /mosquitto/data//mosquitto.db.
1679643823: Saving in-memory database to /mosquitto/data//mosquitto.db.
1679645624: Saving in-memory database to /mosquitto/data//mosquitto.db.
1679647425: Saving in-memory database to /mosquitto/data//mosquitto.db.
1679649226: Saving in-memory database to /mosquitto/data//mosquitto.db.
1679651027: Saving in-memory database to /mosquitto/data//mosquitto.db.
1679652828: Saving in-memory database to /mosquitto/data//mosquitto.db.
1679654629: Saving in-memory database to /mosquitto/data//mosquitto.db.
1679656430: Saving in-memory database to /mosquitto/data//mosquitto.db.
1679658231: Saving in-memory database to /mosquitto/data//mosquitto.db.
1679659751: mosquitto version 2.0.15 terminating
1679659751: Saving in-memory database to /mosquitto/data//mosquitto.db.
