1678462174: mosquitto version 2.0.15 starting
1678462174: Config loaded from /mosquitto/config/mosquitto.conf.
1678462174: Opening ipv4 listen socket on port 1883.
1678462174: Opening ipv6 listen socket on port 1883.
1678462174: mosquitto version 2.0.15 running
1678462242: mosquitto version 2.0.15 terminating
1678462242: Saving in-memory database to /mosquitto/data//mosquitto.db.
1678462376: mosquitto version 2.0.15 starting
1678462376: Config loaded from /mosquitto/config/mosquitto.conf.
1678462376: Opening ipv4 listen socket on port 1883.
1678462376: Opening ipv6 listen socket on port 1883.
1678462376: mosquitto version 2.0.15 running
1678462395: mosquitto version 2.0.15 terminating
1678462395: Saving in-memory database to /mosquitto/data//mosquitto.db.
1678473291: mosquitto version 2.0.15 starting
1678473291: Config loaded from /mosquitto/config/mosquitto.conf.
1678473291: Opening ipv4 listen socket on port 1883.
1678473291: Opening ipv6 listen socket on port 1883.
1678473291: mosquitto version 2.0.15 running
1678473359: mosquitto version 2.0.15 terminating
1678473359: Saving in-memory database to /mosquitto/data//mosquitto.db.
1678473460: mosquitto version 2.0.15 starting
1678473460: Config loaded from /mosquitto/config/mosquitto.conf.
1678473460: Opening ipv4 listen socket on port 1883.
1678473460: Opening ipv6 listen socket on port 1883.
1678473460: mosquitto version 2.0.15 running
1678473535: New connection from 172.23.0.1:33514 on port 1883.
1678473535: New client connected from 172.23.0.1:33514 as auto-8C102D9C-E230-6DB5-AD57-BC82C7AE4FE6 (p2, c1, k60).
1678473537: Client auto-8C102D9C-E230-6DB5-AD57-BC82C7AE4FE6 disconnected.
1678475260: Saving in-memory database to /mosquitto/data//mosquitto.db.
1678477061: Saving in-memory database to /mosquitto/data//mosquitto.db.
1678478862: Saving in-memory database to /mosquitto/data//mosquitto.db.
1678479245: mosquitto version 2.0.15 terminating
1678479245: Saving in-memory database to /mosquitto/data//mosquitto.db.
1678818425: mosquitto version 2.0.15 starting
1678818425: Config loaded from /mosquitto/config/mosquitto.conf.
1678818425: Opening ipv4 listen socket on port 1883.
1678818425: Opening ipv6 listen socket on port 1883.
1678818425: mosquitto version 2.0.15 running
1678818482: mosquitto version 2.0.15 terminating
1678818482: Saving in-memory database to /mosquitto/data//mosquitto.db.
1678818498: mosquitto version 2.0.15 starting
1678818498: Config loaded from /mosquitto/config/mosquitto.conf.
1678818498: Opening ipv4 listen socket on port 1883.
1678818498: Opening ipv6 listen socket on port 1883.
1678818498: mosquitto version 2.0.15 running
1678819017: mosquitto version 2.0.15 terminating
1678819017: Saving in-memory database to /mosquitto/data//mosquitto.db.
1678819024: mosquitto version 2.0.15 starting
1678819024: Config loaded from /mosquitto/config/mosquitto.conf.
1678819024: Opening ipv4 listen socket on port 1883.
1678819024: Opening ipv6 listen socket on port 1883.
1678819024: mosquitto version 2.0.15 running
1678819235: mosquitto version 2.0.15 terminating
1678819235: Saving in-memory database to /mosquitto/data//mosquitto.db.
1678819253: mosquitto version 2.0.15 starting
1678819253: Config loaded from /mosquitto/config/mosquitto.conf.
1678819253: Opening ipv4 listen socket on port 1883.
1678819253: Opening ipv6 listen socket on port 1883.
1678819253: mosquitto version 2.0.15 running
1678819349: mosquitto version 2.0.15 terminating
1678819349: Saving in-memory database to /mosquitto/data//mosquitto.db.
1678819364: mosquitto version 2.0.15 starting
1678819364: Config loaded from /mosquitto/config/mosquitto.conf.
1678819364: Opening ipv4 listen socket on port 1883.
1678819364: Opening ipv6 listen socket on port 1883.
1678819364: mosquitto version 2.0.15 running
1678820707: mosquitto version 2.0.15 terminating
1678820707: Saving in-memory database to /mosquitto/data//mosquitto.db.
1678820791: mosquitto version 2.0.15 starting
1678820791: Config loaded from /mosquitto/config/mosquitto.conf.
1678820791: Opening ipv4 listen socket on port 1883.
1678820791: Opening ipv6 listen socket on port 1883.
1678820791: mosquitto version 2.0.15 running
1678822591: Saving in-memory database to /mosquitto/data//mosquitto.db.
1678824392: Saving in-memory database to /mosquitto/data//mosquitto.db.
1678826193: Saving in-memory database to /mosquitto/data//mosquitto.db.
1678827994: Saving in-memory database to /mosquitto/data//mosquitto.db.
1678829795: Saving in-memory database to /mosquitto/data//mosquitto.db.
1678831596: Saving in-memory database to /mosquitto/data//mosquitto.db.
1678833397: Saving in-memory database to /mosquitto/data//mosquitto.db.
1678835198: Saving in-memory database to /mosquitto/data//mosquitto.db.
1678836999: Saving in-memory database to /mosquitto/data//mosquitto.db.
1678838800: Saving in-memory database to /mosquitto/data//mosquitto.db.
1678840601: Saving in-memory database to /mosquitto/data//mosquitto.db.
1678842402: Saving in-memory database to /mosquitto/data//mosquitto.db.
1678844203: Saving in-memory database to /mosquitto/data//mosquitto.db.
1678846004: Saving in-memory database to /mosquitto/data//mosquitto.db.
1678847805: Saving in-memory database to /mosquitto/data//mosquitto.db.
1678849606: Saving in-memory database to /mosquitto/data//mosquitto.db.
1678851407: Saving in-memory database to /mosquitto/data//mosquitto.db.
1678853208: Saving in-memory database to /mosquitto/data//mosquitto.db.
1678855009: Saving in-memory database to /mosquitto/data//mosquitto.db.
1678856810: Saving in-memory database to /mosquitto/data//mosquitto.db.
1678858611: Saving in-memory database to /mosquitto/data//mosquitto.db.
1678860412: Saving in-memory database to /mosquitto/data//mosquitto.db.
1678862213: Saving in-memory database to /mosquitto/data//mosquitto.db.
1678864014: Saving in-memory database to /mosquitto/data//mosquitto.db.
1678865815: Saving in-memory database to /mosquitto/data//mosquitto.db.
1678867616: Saving in-memory database to /mosquitto/data//mosquitto.db.
1678869417: Saving in-memory database to /mosquitto/data//mosquitto.db.
1678871218: Saving in-memory database to /mosquitto/data//mosquitto.db.
1678873019: Saving in-memory database to /mosquitto/data//mosquitto.db.
1678874820: Saving in-memory database to /mosquitto/data//mosquitto.db.
1678876621: Saving in-memory database to /mosquitto/data//mosquitto.db.
1678878422: Saving in-memory database to /mosquitto/data//mosquitto.db.
1678879363: mosquitto version 2.0.15 terminating
1678879363: Saving in-memory database to /mosquitto/data//mosquitto.db.
1678879495: mosquitto version 2.0.15 starting
1678879495: Config loaded from /mosquitto/config/mosquitto.conf.
1678879495: Opening ipv4 listen socket on port 1883.
1678879495: Opening ipv6 listen socket on port 1883.
1678879495: mosquitto version 2.0.15 running
1678879540: mosquitto version 2.0.15 terminating
1678879540: Saving in-memory database to /mosquitto/data//mosquitto.db.
1678879556: mosquitto version 2.0.15 starting
1678879556: Config loaded from /mosquitto/config/mosquitto.conf.
1678879556: Opening ipv4 listen socket on port 1883.
1678879556: Opening ipv6 listen socket on port 1883.
1678879556: mosquitto version 2.0.15 running
1678879650: mosquitto version 2.0.15 terminating
1678879650: Saving in-memory database to /mosquitto/data//mosquitto.db.
1678879672: mosquitto version 2.0.15 starting
1678879672: Config loaded from /mosquitto/config/mosquitto.conf.
1678879672: Opening ipv4 listen socket on port 1883.
1678879672: Opening ipv6 listen socket on port 1883.
1678879672: mosquitto version 2.0.15 running
1678879685: mosquitto version 2.0.15 terminating
1678879685: Saving in-memory database to /mosquitto/data//mosquitto.db.
1678879710: mosquitto version 2.0.15 starting
1678879710: Config loaded from /mosquitto/config/mosquitto.conf.
1678879710: Opening ipv4 listen socket on port 1883.
1678879710: Opening ipv6 listen socket on port 1883.
1678879710: mosquitto version 2.0.15 running
1678880310: mosquitto version 2.0.15 terminating
1678880310: Saving in-memory database to /mosquitto/data//mosquitto.db.
1678880312: mosquitto version 2.0.15 starting
1678880312: Config loaded from /mosquitto/config/mosquitto.conf.
1678880312: Opening ipv4 listen socket on port 1883.
1678880312: Opening ipv6 listen socket on port 1883.
1678880312: mosquitto version 2.0.15 running
1678880455: mosquitto version 2.0.15 terminating
1678880455: Saving in-memory database to /mosquitto/data//mosquitto.db.
1678880458: mosquitto version 2.0.15 starting
1678880458: Config loaded from /mosquitto/config/mosquitto.conf.
1678880458: Opening ipv4 listen socket on port 1883.
1678880458: Opening ipv6 listen socket on port 1883.
1678880458: mosquitto version 2.0.15 running
1678880638: mosquitto version 2.0.15 terminating
1678880638: Saving in-memory database to /mosquitto/data//mosquitto.db.
1678880645: mosquitto version 2.0.15 starting
1678880645: Config loaded from /mosquitto/config/mosquitto.conf.
1678880645: Opening ipv4 listen socket on port 1883.
1678880645: Opening ipv6 listen socket on port 1883.
1678880645: mosquitto version 2.0.15 running
1678880777: mosquitto version 2.0.15 terminating
1678880777: Saving in-memory database to /mosquitto/data//mosquitto.db.
1678880780: mosquitto version 2.0.15 starting
1678880780: Config loaded from /mosquitto/config/mosquitto.conf.
1678880780: Opening ipv4 listen socket on port 1883.
1678880780: Opening ipv6 listen socket on port 1883.
1678880780: mosquitto version 2.0.15 running
1678881537: mosquitto version 2.0.15 terminating
1678881537: Saving in-memory database to /mosquitto/data//mosquitto.db.
1678882026: mosquitto version 2.0.15 starting
1678882026: Config loaded from /mosquitto/config/mosquitto.conf.
1678882026: Opening ipv4 listen socket on port 1883.
1678882026: Opening ipv6 listen socket on port 1883.
1678882026: mosquitto version 2.0.15 running
1678882476: mosquitto version 2.0.15 terminating
1678882476: Saving in-memory database to /mosquitto/data//mosquitto.db.
1678882484: mosquitto version 2.0.15 starting
1678882484: Config loaded from /mosquitto/config/mosquitto.conf.
1678882484: Opening ipv4 listen socket on port 1883.
1678882484: Opening ipv6 listen socket on port 1883.
1678882484: mosquitto version 2.0.15 running
1678883679: mosquitto version 2.0.15 terminating
1678883679: Saving in-memory database to /mosquitto/data//mosquitto.db.
1678883691: mosquitto version 2.0.15 starting
1678883691: Config loaded from /mosquitto/config/mosquitto.conf.
1678883691: Opening ipv4 listen socket on port 1883.
1678883691: Opening ipv6 listen socket on port 1883.
1678883691: mosquitto version 2.0.15 running
1678885193: New connection from 172.23.0.4:45542 on port 1883.
1678885193: New client connected from 172.23.0.4:45542 as auto-0CE70FAD-82D5-F892-0680-D2CE8C866D57 (p2, c1, k60).
1678885193: Client auto-0CE70FAD-82D5-F892-0680-D2CE8C866D57 disconnected.
1678885225: New connection from 172.23.0.1:37122 on port 1883.
1678885225: New client connected from 172.23.0.1:37122 as auto-AFD6F5FF-BDDB-F270-2599-1FE9633ACD51 (p2, c1, k60).
1678885225: Client auto-AFD6F5FF-BDDB-F270-2599-1FE9633ACD51 disconnected.
1678885492: Saving in-memory database to /mosquitto/data//mosquitto.db.
1678887293: Saving in-memory database to /mosquitto/data//mosquitto.db.
1678889094: Saving in-memory database to /mosquitto/data//mosquitto.db.
1678890895: Saving in-memory database to /mosquitto/data//mosquitto.db.
1678892696: Saving in-memory database to /mosquitto/data//mosquitto.db.
1678894497: Saving in-memory database to /mosquitto/data//mosquitto.db.
1678896298: Saving in-memory database to /mosquitto/data//mosquitto.db.
1678898099: Saving in-memory database to /mosquitto/data//mosquitto.db.
1678899900: Saving in-memory database to /mosquitto/data//mosquitto.db.
1678901701: Saving in-memory database to /mosquitto/data//mosquitto.db.
1678903502: Saving in-memory database to /mosquitto/data//mosquitto.db.
1678905303: Saving in-memory database to /mosquitto/data//mosquitto.db.
1678907104: Saving in-memory database to /mosquitto/data//mosquitto.db.
1678908905: Saving in-memory database to /mosquitto/data//mosquitto.db.
1678910706: Saving in-memory database to /mosquitto/data//mosquitto.db.
1678912507: Saving in-memory database to /mosquitto/data//mosquitto.db.
1678914308: Saving in-memory database to /mosquitto/data//mosquitto.db.
1678916109: Saving in-memory database to /mosquitto/data//mosquitto.db.
1678917910: Saving in-memory database to /mosquitto/data//mosquitto.db.
1678919711: Saving in-memory database to /mosquitto/data//mosquitto.db.
1678921512: Saving in-memory database to /mosquitto/data//mosquitto.db.
1678923313: Saving in-memory database to /mosquitto/data//mosquitto.db.
1678925114: Saving in-memory database to /mosquitto/data//mosquitto.db.
1678926915: Saving in-memory database to /mosquitto/data//mosquitto.db.
1678928716: Saving in-memory database to /mosquitto/data//mosquitto.db.
1678930517: Saving in-memory database to /mosquitto/data//mosquitto.db.
1678932318: Saving in-memory database to /mosquitto/data//mosquitto.db.
1678934119: Saving in-memory database to /mosquitto/data//mosquitto.db.
1678935920: Saving in-memory database to /mosquitto/data//mosquitto.db.
1678937721: Saving in-memory database to /mosquitto/data//mosquitto.db.
1678939522: Saving in-memory database to /mosquitto/data//mosquitto.db.
1678941323: Saving in-memory database to /mosquitto/data//mosquitto.db.
1678943124: Saving in-memory database to /mosquitto/data//mosquitto.db.
1678944925: Saving in-memory database to /mosquitto/data//mosquitto.db.
1678946726: Saving in-memory database to /mosquitto/data//mosquitto.db.
1678948527: Saving in-memory database to /mosquitto/data//mosquitto.db.
1678950328: Saving in-memory database to /mosquitto/data//mosquitto.db.
1678952129: Saving in-memory database to /mosquitto/data//mosquitto.db.
1678953930: Saving in-memory database to /mosquitto/data//mosquitto.db.
1678955731: Saving in-memory database to /mosquitto/data//mosquitto.db.
1678957532: Saving in-memory database to /mosquitto/data//mosquitto.db.
1678959333: Saving in-memory database to /mosquitto/data//mosquitto.db.
1678961134: Saving in-memory database to /mosquitto/data//mosquitto.db.
1678962935: Saving in-memory database to /mosquitto/data//mosquitto.db.
1678964736: Saving in-memory database to /mosquitto/data//mosquitto.db.
1678966397: mosquitto version 2.0.15 terminating
1678966397: Saving in-memory database to /mosquitto/data//mosquitto.db.
1678966456: mosquitto version 2.0.15 starting
1678966456: Config loaded from /mosquitto/config/mosquitto.conf.
1678966456: Opening ipv4 listen socket on port 1883.
1678966456: Opening ipv6 listen socket on port 1883.
1678966456: mosquitto version 2.0.15 running
1678967770: mosquitto version 2.0.15 terminating
1678967770: Saving in-memory database to /mosquitto/data//mosquitto.db.
